<?xml version='1.0' encoding='UTF-8'?>
<testsuite hostname="Katherines-MacBook-Pro.local" name="AddressTests" tests="6" errors="0" failures="0" skipped="0" time="0.012" timestamp="2022-06-15T16:16:41">
          <properties>
[...]
</properties>
          <testcase classname="AddressTests" name="Address tests Already good" time="0.006">
                      
                    </testcase><testcase classname="AddressTests" name="Address tests Edge cases" time="0.002">
                      
                    </testcase><testcase classname="AddressTests" name="Address tests No house number in address" time="0.0">
                      
                    </testcase><testcase classname="AddressTests" name="Address tests Fixed" time="0.004">
                      
                    </testcase><testcase classname="AddressTests" name="Address tests Other country" time="0.0">
                      
                    </testcase><testcase classname="AddressTests" name="Address tests N/A addresses" time="0.0">
                      
                    </testcase>
          <system-out><![CDATA[]]></system-out>
          <system-err><![CDATA[]]></system-err>
        </testsuite>