2022.06.16 11:10:19 INFO  tracing is disabled for protocol LSP, to enable tracing of incoming and outgoing JSON messages create an empty file at /Users/katherine/Desktop/Projecten/FP_exercises/.metals/lsp.trace.json or /Users/katherine/Library/Caches/org.scalameta.metals/lsp.trace.json[0m
2022.06.16 11:10:20 INFO  logging to file /Users/katherine/Desktop/Projecten/FP_exercises/.metals/metals.log[0m
2022.06.16 11:10:20 INFO  Started: Metals version 0.11.6 in workspace '/Users/katherine/Desktop/Projecten/FP_exercises' for client Visual Studio Code 1.68.0.[0m
2022.06.16 11:10:21 INFO  time: initialize in 0.95s[0m
2022.06.16 11:10:21 WARN  Flyway upgrade recommended: H2 2.1.212 is newer than this version of Flyway and support has not been tested. The latest supported version of H2 is 2.1.210.[0m
2022.06.16 11:10:21 WARN  Build server is not auto-connectable.[0m
2022.06.16 11:10:28 WARN  no build target for: /Users/katherine/Desktop/Projecten/FP_exercises/src/test/scala/addressTest.scala[0m
2022.06.16 11:10:38 INFO  no build target found for /Users/katherine/Desktop/Projecten/FP_exercises/src/test/scala/addressTest.scala. Using presentation compiler with project's scala-library version: 3.1.2[0m
2022.06.16 11:10:41 INFO  time: code lens generation in 13s[0m
2022.06.16 11:10:41 INFO  time: code lens generation in 13s[0m
2022.06.16 11:11:05 WARN  no build target for: /Users/katherine/Desktop/Projecten/FP_exercises/src/test/scala/addressTest.scala[0m
2022.06.16 11:11:07 WARN  no build target for: /Users/katherine/Desktop/Projecten/FP_exercises/src/test/scala/addressTest.scala[0m
2022.06.16 11:11:09 WARN  no build target for: /Users/katherine/Desktop/Projecten/FP_exercises/src/main/scala/AddressNew.scala[0m
2022.06.16 11:11:10 WARN  no build target for: /Users/katherine/Desktop/Projecten/FP_exercises/src/main/scala/AddressNew.scala[0m
2022.06.16 11:11:13 WARN  no build target for: /Users/katherine/Desktop/Projecten/FP_exercises/src/main/scala/AddressNew.scala[0m
2022.06.16 11:20:05 WARN  no build target for: /Users/katherine/Desktop/Projecten/FP_exercises/src/main/scala/AddressNew.scala[0m
2022.06.16 11:22:58 WARN  no build target for: /Users/katherine/Desktop/Projecten/FP_exercises/src/main/scala/AddressNew.scala[0m
2022.06.16 11:25:12 WARN  no build target for: /Users/katherine/Desktop/Projecten/FP_exercises/src/main/scala/AddressNew.scala[0m
2022.06.16 11:25:14 WARN  no build target for: /Users/katherine/Desktop/Projecten/FP_exercises/src/main/scala/AddressNew.scala[0m
2022.06.16 11:26:18 WARN  no build target for: /Users/katherine/Desktop/Projecten/FP_exercises/build.sbt[0m
2022.06.16 11:26:20 WARN  no build target for: /Users/katherine/Desktop/Projecten/FP_exercises/build.sbt[0m
2022.06.16 11:26:21 WARN  no build target for: /Users/katherine/Desktop/Projecten/FP_exercises/build.sbt[0m
2022.06.16 11:26:26 WARN  no build target for: /Users/katherine/Desktop/Projecten/FP_exercises/build.sbt[0m
2022.06.16 11:26:26 WARN  no build target for: /Users/katherine/Desktop/Projecten/FP_exercises/build.sbt[0m
Jun 16, 2022 11:26:30 AM org.eclipse.lsp4j.jsonrpc.RemoteEndpoint handleCancellation
WARNING: Unmatched cancel notification for request id 493
2022.06.16 11:26:34 WARN  no build target for: /Users/katherine/Desktop/Projecten/FP_exercises/build.sbt[0m
2022.06.16 11:26:36 WARN  no build target for: /Users/katherine/Desktop/Projecten/FP_exercises/build.sbt[0m
2022.06.16 11:26:38 WARN  no build target for: /Users/katherine/Desktop/Projecten/FP_exercises/build.sbt[0m
2022.06.16 11:26:40 WARN  no build target for: /Users/katherine/Desktop/Projecten/FP_exercises/build.sbt[0m
2022.06.16 11:26:42 WARN  no build target for: /Users/katherine/Desktop/Projecten/FP_exercises/build.sbt[0m
2022.06.16 11:26:43 WARN  no build target for: /Users/katherine/Desktop/Projecten/FP_exercises/build.sbt[0m
2022.06.16 11:26:47 WARN  no build target for: /Users/katherine/Desktop/Projecten/FP_exercises/build.sbt[0m
2022.06.16 11:26:48 WARN  no build target for: /Users/katherine/Desktop/Projecten/FP_exercises/build.sbt[0m
2022.06.16 11:26:53 WARN  no build target for: /Users/katherine/Desktop/Projecten/FP_exercises/build.sbt[0m
2022.06.16 11:26:56 WARN  no build target for: /Users/katherine/Desktop/Projecten/FP_exercises/build.sbt[0m
2022.06.16 11:27:01 WARN  no build target for: /Users/katherine/Desktop/Projecten/FP_exercises/src/main/scala/AddressNew.scala[0m
2022.06.16 11:27:04 WARN  no build target for: /Users/katherine/Desktop/Projecten/FP_exercises/src/main/scala/AddressNew.scala[0m
2022.06.16 11:27:27 WARN  no build target for: /Users/katherine/Desktop/Projecten/FP_exercises/src/main/scala/AddressNew.scala[0m
2022.06.16 11:27:41 WARN  no build target for: /Users/katherine/Desktop/Projecten/FP_exercises/src/main/scala/AddressNew.scala[0m
2022.06.16 11:27:42 INFO  running '/Library/Java/JavaVirtualMachines/jdk-17.0.2.jdk/Contents/Home/bin/java -Djline.terminal=jline.UnsupportedTerminal -Dsbt.log.noformat=true -Dfile.encoding=UTF-8 -jar /var/folders/dd/5j41t5_x5zs499t_jp9t_k0h0000gn/T/metals579212142925429739/sbt-launch.jar -Dbloop.export-jar-classifiers=sources bloopInstall'[0m
2022.06.16 11:27:44 INFO  [info] welcome to sbt 1.6.2 (Oracle Corporation Java 17.0.2)[0m
2022.06.16 11:27:48 INFO  [info] loading global plugins from /Users/katherine/.sbt/1.0/plugins[0m
2022.06.16 11:27:50 INFO  [info] loading settings for project fp_exercises-build-build from metals.sbt ...[0m
2022.06.16 11:27:50 INFO  [info] loading project definition from /Users/katherine/Desktop/Projecten/FP_exercises/project/project[0m
2022.06.16 11:27:52 INFO  [info] loading settings for project fp_exercises-build from metals.sbt ...[0m
2022.06.16 11:27:52 INFO  [info] loading project definition from /Users/katherine/Desktop/Projecten/FP_exercises/project[0m
2022.06.16 11:27:56 INFO  [success] Generated .bloop/fp_exercises-build.json[0m
2022.06.16 11:27:56 INFO  [success] Total time: 4 s, completed 16 Jun 2022, 11:27:56[0m
2022.06.16 11:27:56 INFO  [info] loading settings for project root from build.sbt ...[0m
2022.06.16 11:27:56 INFO  [info] set current project to FP_excercises (in build file:/Users/katherine/Desktop/Projecten/FP_exercises/)[0m
2022.06.16 11:27:59 INFO  [warn] [0m
2022.06.16 11:27:59 INFO  [warn] 	Note: Unresolved dependencies path:[0m
2022.06.16 11:27:59 INFO  [error] Couldn't run bloopGenerate for root. Cause:[0m
2022.06.16 11:27:59 INFO  [error] Incomplete(node=Some(Task(_)), tpe=Error, msg=None, causes=List(Incomplete(node=Some(Task(_)), tpe=Error, msg=None, causes=List(Incomplete(node=Some(Task((tags: Map(Tag(update) -> 1, Tag(network) -> 1), taskDefinitionKey: ScopedKey(Scope(Select(ProjectRef(file:/Users/katherine/Desktop/Projecten/FP_exercises/,root)), Zero, Zero, Zero),updateClassifiers)))), tpe=Error, msg=None, causes=List(Incomplete(node=Some(Task((taskDefinitionKey: ScopedKey(Scope(Select(ProjectRef(file:/Users/katherine/Desktop/Projecten/FP_exercises/,root)), Zero, Select(updateClassifiers), Zero),classifiersModule)))), tpe=Error, msg=None, causes=List(Incomplete(node=Some(Task((taskDefinitionKey: ScopedKey(Scope(Select(ProjectRef(file:/Users/katherine/Desktop/Projecten/FP_exercises/,root)), Zero, Zero, Zero),update)))), tpe=Error, msg=None, causes=List(Incomplete(node=Some(Task((tags: Map(Tag(update) -> 1, Tag(network) -> 1), taskDefinitionKey: ScopedKey(Scope(Select(ProjectRef(file:/Users/katherine/Desktop/Projecten/FP_exercises/,root)), Zero, Zero, Zero),update)))), tpe=Error, msg=None, causes=List(), directCause=Some(sbt.librarymanagement.ResolveException: Error downloading com.typesafe.play:play-json_3:2.9.2[0m
2022.06.16 11:27:59 INFO  [error]   Not found[0m
2022.06.16 11:27:59 INFO  [error]   Not found[0m
2022.06.16 11:27:59 INFO  [error]   not found: /Users/katherine/.ivy2/localcom.typesafe.play/play-json_3/2.9.2/ivys/ivy.xml[0m
2022.06.16 11:27:59 INFO  [error]   not found: https://repo1.maven.org/maven2/com/typesafe/play/play-json_3/2.9.2/play-json_3-2.9.2.pom))), directCause=None)), directCause=None)), directCause=None)), directCause=None), Incomplete(node=Some(Task((taskDefinitionKey: ScopedKey(Scope(Select(ProjectRef(file:/Users/katherine/Desktop/Projecten/FP_exercises/,root)), Zero, Zero, Zero),update)))), tpe=Error, msg=None, causes=List(Incomplete(node=Some(Task((tags: Map(Tag(update) -> 1, Tag(network) -> 1), taskDefinitionKey: ScopedKey(Scope(Select(ProjectRef(file:/Users/katherine/Desktop/Projecten/FP_exercises/,root)), Zero, Zero, Zero),update)))), tpe=Error, msg=None, causes=List(), directCause=Some(sbt.librarymanagement.ResolveException: Error downloading com.typesafe.play:play-json_3:2.9.2[0m
2022.06.16 11:27:59 INFO  [error]   Not found[0m
2022.06.16 11:27:59 INFO  [error]   Not found[0m
2022.06.16 11:27:59 INFO  [error]   not found: /Users/katherine/.ivy2/localcom.typesafe.play/play-json_3/2.9.2/ivys/ivy.xml[0m
2022.06.16 11:27:59 INFO  [error]   not found: https://repo1.maven.org/maven2/com/typesafe/play/play-json_3/2.9.2/play-json_3-2.9.2.pom))), directCause=None), Incomplete(node=Some(Task(_)), tpe=Error, msg=None, causes=List(Incomplete(node=Some(Task(_)), tpe=Error, msg=None, causes=List(Incomplete(node=Some(Task((taskDefinitionKey: ScopedKey(Scope(Select(ProjectRef(file:/Users/katherine/Desktop/Projecten/FP_exercises/,root)), Select(ConfigKey(compile)), Zero, Zero),externalDependencyClasspath)))), tpe=Error, msg=None, causes=List(Incomplete(node=Some(Task(_)), tpe=Error, msg=None, causes=List(Incomplete(node=Some(Task((taskDefinitionKey: ScopedKey(Scope(Select(ProjectRef(file:/Users/katherine/Desktop/Projecten/FP_exercises/,root)), Select(ConfigKey(compile)), Zero, Zero),managedClasspath)))), tpe=Error, msg=None, causes=List(Incomplete(node=Some(Task(_)), tpe=Error, msg=None, causes=List(Incomplete(node=Some(Task((taskDefinitionKey: ScopedKey(Scope(Select(ProjectRef(file:/Users/katherine/Desktop/Projecten/FP_exercises/,root)), Zero, Zero, Zero),update)))), tpe=Error, msg=None, causes=List(Incomplete(node=Some(Task((tags: Map(Tag(update) -> 1, Tag(network) -> 1), taskDefinitionKey: ScopedKey(Scope(Select(ProjectRef(file:/Users/katherine/Desktop/Projecten/FP_exercises/,root)), Zero, Zero, Zero),update)))), tpe=Error, msg=None, causes=List(), directCause=Some(sbt.librarymanagement.ResolveException: Error downloading com.typesafe.play:play-json_3:2.9.2[0m
2022.06.16 11:27:59 INFO  [error]   Not found[0m
2022.06.16 11:27:59 INFO  [error]   Not found[0m
2022.06.16 11:27:59 INFO  [error]   not found: /Users/katherine/.ivy2/localcom.typesafe.play/play-json_3/2.9.2/ivys/ivy.xml[0m
2022.06.16 11:27:59 INFO  [error]   not found: https://repo1.maven.org/maven2/com/typesafe/play/play-json_3/2.9.2/play-json_3-2.9.2.pom))), directCause=None), Incomplete(node=Some(Task((taskDefinitionKey: ScopedKey(Scope(Select(ProjectRef(file:/Users/katherine/Desktop/Projecten/FP_exercises/,root)), Select(ConfigKey(compile)), Zero, Zero),classpathConfiguration)))), tpe=Error, msg=None, causes=List(Incomplete(node=Some(Task((taskDefinitionKey: ScopedKey(Scope(Select(ProjectRef(file:/Users/katherine/Desktop/Projecten/FP_exercises/,root)), Zero, Zero, Zero),update)))), tpe=Error, msg=None, causes=List(Incomplete(node=Some(Task((tags: Map(Tag(update) -> 1, Tag(network) -> 1), taskDefinitionKey: ScopedKey(Scope(Select(ProjectRef(file:/Users/katherine/Desktop/Projecten/FP_exercises/,root)), Zero, Zero, Zero),update)))), tpe=Error, msg=None, causes=List(), directCause=Some(sbt.librarymanagement.ResolveException: Error downloading com.typesafe.play:play-json_3:2.9.2[0m
2022.06.16 11:27:59 INFO  [error]   Not found[0m
2022.06.16 11:27:59 INFO  [error]   Not found[0m
2022.06.16 11:27:59 INFO  [error]   not found: /Users/katherine/.ivy2/localcom.typesafe.play/play-json_3/2.9.2/ivys/ivy.xml[0m
2022.06.16 11:27:59 INFO  [error]   not found: https://repo1.maven.org/maven2/com/typesafe/play/play-json_3/2.9.2/play-json_3-2.9.2.pom))), directCause=None)), directCause=None)), directCause=None)), directCause=None)), directCause=None)), directCause=None)), directCause=None)), directCause=None), Incomplete(node=Some(Task((taskDefinitionKey: ScopedKey(Scope(Select(ProjectRef(file:/Users/katherine/Desktop/Projecten/FP_exercises/,root)), Select(ConfigKey(compile)), Zero, Zero),bloopInternalClasspath)))), tpe=Error, msg=None, causes=List(Incomplete(node=Some(Task(_)), tpe=Error, msg=None, causes=List(Incomplete(node=Some(Task((taskDefinitionKey: ScopedKey(Scope(Select(ProjectRef(file:/Users/katherine/Desktop/Projecten/FP_exercises/,root)), Select(ConfigKey(compile)), Zero, Zero),classpathConfiguration)))), tpe=Error, msg=None, causes=List(Incomplete(node=Some(Task((taskDefinitionKey: ScopedKey(Scope(Select(ProjectRef(file:/Users/katherine/Desktop/Projecten/FP_exercises/,root)), Zero, Zero, Zero),update)))), tpe=Error, msg=None, causes=List(Incomplete(node=Some(Task((tags: Map(Tag(update) -> 1, Tag(network) -> 1), taskDefinitionKey: ScopedKey(Scope(Select(ProjectRef(file:/Users/katherine/Desktop/Projecten/FP_exercises/,root)), Zero, Zero, Zero),update)))), tpe=Error, msg=None, causes=List(), directCause=Some(sbt.librarymanagement.ResolveException: Error downloading com.typesafe.play:play-json_3:2.9.2[0m
2022.06.16 11:27:59 INFO  [error]   Not found[0m
2022.06.16 11:27:59 INFO  [error]   Not found[0m
2022.06.16 11:27:59 INFO  [error]   not found: /Users/katherine/.ivy2/localcom.typesafe.play/play-json_3/2.9.2/ivys/ivy.xml[0m
2022.06.16 11:27:59 INFO  [error] Couldn't run bloopGenerate for root-test. Cause:[0m
2022.06.16 11:27:59 INFO  [error]   not found: https://repo1.maven.org/maven2/com/typesafe/play/play-json_3/2.9.2/play-json_3-2.9.2.pom))), directCause=None)), directCause=None)), directCause=None)), directCause=None), Incomplete(node=Some(Task((taskDefinitionKey: ScopedKey(Scope(Select(ProjectRef(file:/Users/katherine/Desktop/Projecten/FP_exercises/,root)), Select(ConfigKey(compile)), Zero, Zero),scalacOptions)))), tpe=Error, msg=None, causes=List(Incomplete(node=Some(Task((taskDefinitionKey: ScopedKey(Scope(Select(ProjectRef(file:/Users/katherine/Desktop/Projecten/FP_exercises/,root)), Select(ConfigKey(compile)), Zero, Zero),scalacOptions)))), tpe=Error, msg=None, causes=List(Incomplete(node=Some(Task((taskDefinitionKey: ScopedKey(Scope(Select(ProjectRef(file:/Users/katherine/Desktop/Projecten/FP_exercises/,root)), Select(ConfigKey(compile)), Zero, Zero),scalacOptions)))), tpe=Error, msg=None, causes=List(Incomplete(node=Some(Task((taskDefinitionKey: ScopedKey(Scope(Select(ProjectRef(file:/Users/katherine/Desktop/Projecten/FP_exercises/,root)), Select(ConfigKey(compile)), Zero, Zero),scalacOptions)))), tpe=Error, msg=None, causes=List(Incomplete(node=Some(Task((taskDefinitionKey: ScopedKey(Scope(Select(ProjectRef(file:/Users/katherine/Desktop/Projecten/FP_exercises/,root)), Select(ConfigKey(compile)), Zero, Zero),scalacOptions)))), tpe=Error, msg=None, causes=List(Incomplete(node=Some(Task((taskDefinitionKey: ScopedKey(Scope(Select(ProjectRef(file:/Users/katherine/Desktop/Projecten/FP_exercises/,root)), Zero, Zero, Zero),update)))), tpe=Error, msg=None, causes=List(Incomplete(node=Some(Task((tags: Map(Tag(update) -> 1, Tag(network) -> 1), taskDefinitionKey: ScopedKey(Scope(Select(ProjectRef(file:/Users/katherine/Desktop/Projecten/FP_exercises/,root)), Zero, Zero, Zero),update)))), tpe=Error, msg=None, causes=List(), directCause=Some(sbt.librarymanagement.ResolveException: Error downloading com.typesafe.play:play-json_3:2.9.2[0m
2022.06.16 11:27:59 INFO  [error]   Not found[0m
2022.06.16 11:27:59 INFO  [error]   Not found[0m
2022.06.16 11:27:59 INFO  [error]   not found: /Users/katherine/.ivy2/localcom.typesafe.play/play-json_3/2.9.2/ivys/ivy.xml[0m
2022.06.16 11:27:59 INFO  [error] Incomplete(node=Some(Task(_)), tpe=Error, msg=None, causes=List(Incomplete(node=Some(Task(_)), tpe=Error, msg=None, causes=List(Incomplete(node=Some(Task((tags: Map(Tag(update) -> 1, Tag(network) -> 1), taskDefinitionKey: ScopedKey(Scope(Select(ProjectRef(file:/Users/katherine/Desktop/Projecten/FP_exercises/,root)), Zero, Zero, Zero),updateClassifiers)))), tpe=Error, msg=None, causes=List(Incomplete(node=Some(Task((taskDefinitionKey: ScopedKey(Scope(Select(ProjectRef(file:/Users/katherine/Desktop/Projecten/FP_exercises/,root)), Zero, Select(updateClassifiers), Zero),classifiersModule)))), tpe=Error, msg=None, causes=List(Incomplete(node=Some(Task((taskDefinitionKey: ScopedKey(Scope(Select(ProjectRef(file:/Users/katherine/Desktop/Projecten/FP_exercises/,root)), Zero, Zero, Zero),update)))), tpe=Error, msg=None, causes=List(Incomplete(node=Some(Task((tags: Map(Tag(update) -> 1, Tag(network) -> 1), taskDefinitionKey: ScopedKey(Scope(Select(ProjectRef(file:/Users/katherine/Desktop/Projecten/FP_exercises/,root)), Zero, Zero, Zero),update)))), tpe=Error, msg=None, causes=List(), directCause=Some(sbt.librarymanagement.ResolveException: Error downloading com.typesafe.play:play-json_3:2.9.2[0m
2022.06.16 11:27:59 INFO  [error]   Not found[0m
2022.06.16 11:27:59 INFO  [error]   Not found[0m
2022.06.16 11:27:59 INFO  [error]   not found: /Users/katherine/.ivy2/localcom.typesafe.play/play-json_3/2.9.2/ivys/ivy.xml[0m
2022.06.16 11:27:59 INFO  [error]   not found: https://repo1.maven.org/maven2/com/typesafe/play/play-json_3/2.9.2/play-json_3-2.9.2.pom))), directCause=None)), directCause=None)), directCause=None)), directCause=None)), directCause=None)), directCause=None), Incomplete(node=Some(Task(_)), tpe=Error, msg=None, causes=List(Incomplete(node=Some(Task((taskDefinitionKey: ScopedKey(Scope(Select(ProjectRef(file:/Users/katherine/Desktop/Projecten/FP_exercises/,root)), Select(ConfigKey(compile)), Zero, Zero),externalDependencyClasspath)))), tpe=Error, msg=None, causes=List(Incomplete(node=Some(Task(_)), tpe=Error, msg=None, causes=List(Incomplete(node=Some(Task((taskDefinitionKey: ScopedKey(Scope(Select(ProjectRef(file:/Users/katherine/Desktop/Projecten/FP_exercises/,root)), Select(ConfigKey(compile)), Zero, Zero),managedClasspath)))), tpe=Error, msg=None, causes=List(Incomplete(node=Some(Task(_)), tpe=Error, msg=None, causes=List(Incomplete(node=Some(Task((taskDefinitionKey: ScopedKey(Scope(Select(ProjectRef(file:/Users/katherine/Desktop/Projecten/FP_exercises/,root)), Zero, Zero, Zero),update)))), tpe=Error, msg=None, causes=List(Incomplete(node=Some(Task((tags: Map(Tag(update) -> 1, Tag(network) -> 1), taskDefinitionKey: ScopedKey(Scope(Select(ProjectRef(file:/Users/katherine/Desktop/Projecten/FP_exercises/,root)), Zero, Zero, Zero),update)))), tpe=Error, msg=None, causes=List(), directCause=Some(sbt.librarymanagement.ResolveException: Error downloading com.typesafe.play:play-json_3:2.9.2[0m
2022.06.16 11:27:59 INFO  [error]   Not found[0m
2022.06.16 11:27:59 INFO  [error]   Not found[0m
2022.06.16 11:27:59 INFO  [error]   not found: https://repo1.maven.org/maven2/com/typesafe/play/play-json_3/2.9.2/play-json_3-2.9.2.pom))), directCause=None)), directCause=None)), directCause=None)), directCause=None), Incomplete(node=Some(Task((taskDefinitionKey: ScopedKey(Scope(Select(ProjectRef(file:/Users/katherine/Desktop/Projecten/FP_exercises/,root)), Zero, Zero, Zero),update)))), tpe=Error, msg=None, causes=List(Incomplete(node=Some(Task((tags: Map(Tag(update) -> 1, Tag(network) -> 1), taskDefinitionKey: ScopedKey(Scope(Select(ProjectRef(file:/Users/katherine/Desktop/Projecten/FP_exercises/,root)), Zero, Zero, Zero),update)))), tpe=Error, msg=None, causes=List(), directCause=Some(sbt.librarymanagement.ResolveException: Error downloading com.typesafe.play:play-json_3:2.9.2[0m
2022.06.16 11:27:59 INFO  [error]   not found: /Users/katherine/.ivy2/localcom.typesafe.play/play-json_3/2.9.2/ivys/ivy.xml[0m
2022.06.16 11:27:59 INFO  [error]   Not found[0m
2022.06.16 11:27:59 INFO  [error]   Not found[0m
2022.06.16 11:27:59 INFO  [error]   not found: /Users/katherine/.ivy2/localcom.typesafe.play/play-json_3/2.9.2/ivys/ivy.xml[0m
2022.06.16 11:27:59 INFO  [error]   not found: https://repo1.maven.org/maven2/com/typesafe/play/play-json_3/2.9.2/play-json_3-2.9.2.pom))), directCause=None), Incomplete(node=Some(Task((taskDefinitionKey: ScopedKey(Scope(Select(ProjectRef(file:/Users/katherine/Desktop/Projecten/FP_exercises/,root)), Select(ConfigKey(compile)), Zero, Zero),classpathConfiguration)))), tpe=Error, msg=None, causes=List(Incomplete(node=Some(Task((taskDefinitionKey: ScopedKey(Scope(Select(ProjectRef(file:/Users/katherine/Desktop/Projecten/FP_exercises/,root)), Zero, Zero, Zero),update)))), tpe=Error, msg=None, causes=List(Incomplete(node=Some(Task((tags: Map(Tag(update) -> 1, Tag(network) -> 1), taskDefinitionKey: ScopedKey(Scope(Select(ProjectRef(file:/Users/katherine/Desktop/Projecten/FP_exercises/,root)), Zero, Zero, Zero),update)))), tpe=Error, msg=None, causes=List(), directCause=Some(sbt.librarymanagement.ResolveException: Error downloading com.typesafe.play:play-json_3:2.9.2[0m
2022.06.16 11:27:59 INFO  [error]   Not found[0m
2022.06.16 11:27:59 INFO  [error]   Not found[0m
2022.06.16 11:27:59 INFO  [error]   not found: /Users/katherine/.ivy2/localcom.typesafe.play/play-json_3/2.9.2/ivys/ivy.xml[0m
2022.06.16 11:27:59 INFO  [error]   not found: https://repo1.maven.org/maven2/com/typesafe/play/play-json_3/2.9.2/play-json_3-2.9.2.pom))), directCause=None), Incomplete(node=Some(Task(_)), tpe=Error, msg=None, causes=List(Incomplete(node=Some(Task(_)), tpe=Error, msg=None, causes=List(Incomplete(node=Some(Task((taskDefinitionKey: ScopedKey(Scope(Select(ProjectRef(file:/Users/katherine/Desktop/Projecten/FP_exercises/,root)), Select(ConfigKey(test)), Zero, Zero),externalDependencyClasspath)))), tpe=Error, msg=None, causes=List(Incomplete(node=Some(Task(_)), tpe=Error, msg=None, causes=List(Incomplete(node=Some(Task((taskDefinitionKey: ScopedKey(Scope(Select(ProjectRef(file:/Users/katherine/Desktop/Projecten/FP_exercises/,root)), Select(ConfigKey(test)), Zero, Zero),managedClasspath)))), tpe=Error, msg=None, causes=List(Incomplete(node=Some(Task(_)), tpe=Error, msg=None, causes=List(Incomplete(node=Some(Task((taskDefinitionKey: ScopedKey(Scope(Select(ProjectRef(file:/Users/katherine/Desktop/Projecten/FP_exercises/,root)), Zero, Zero, Zero),update)))), tpe=Error, msg=None, causes=List(Incomplete(node=Some(Task((tags: Map(Tag(update) -> 1, Tag(network) -> 1), taskDefinitionKey: ScopedKey(Scope(Select(ProjectRef(file:/Users/katherine/Desktop/Projecten/FP_exercises/,root)), Zero, Zero, Zero),update)))), tpe=Error, msg=None, causes=List(), directCause=Some(sbt.librarymanagement.ResolveException: Error downloading com.typesafe.play:play-json_3:2.9.2[0m
2022.06.16 11:27:59 INFO  [error]   Not found[0m
2022.06.16 11:27:59 INFO  [error]   not found: https://repo1.maven.org/maven2/com/typesafe/play/play-json_3/2.9.2/play-json_3-2.9.2.pom))), directCause=None)), directCause=None)), directCause=None)), directCause=None)), directCause=None)), directCause=None), Incomplete(node=Some(Task((taskDefinitionKey: ScopedKey(Scope(Select(ProjectRef(file:/Users/katherine/Desktop/Projecten/FP_exercises/,root)), Select(ConfigKey(compile)), Zero, Zero),bloopInternalClasspath)))), tpe=Error, msg=None, causes=List(Incomplete(node=Some(Task(_)), tpe=Error, msg=None, causes=List(Incomplete(node=Some(Task((taskDefinitionKey: ScopedKey(Scope(Select(ProjectRef(file:/Users/katherine/Desktop/Projecten/FP_exercises/,root)), Select(ConfigKey(compile)), Zero, Zero),classpathConfiguration)))), tpe=Error, msg=None, causes=List(Incomplete(node=Some(Task((taskDefinitionKey: ScopedKey(Scope(Select(ProjectRef(file:/Users/katherine/Desktop/Projecten/FP_exercises/,root)), Zero, Zero, Zero),update)))), tpe=Error, msg=None, causes=List(Incomplete(node=Some(Task((tags: Map(Tag(update) -> 1, Tag(network) -> 1), taskDefinitionKey: ScopedKey(Scope(Select(ProjectRef(file:/Users/katherine/Desktop/Projecten/FP_exercises/,root)), Zero, Zero, Zero),update)))), tpe=Error, msg=None, causes=List(), directCause=Some(sbt.librarymanagement.ResolveException: Error downloading com.typesafe.play:play-json_3:2.9.2[0m
2022.06.16 11:27:59 INFO  [error]   Not found[0m
2022.06.16 11:27:59 INFO  [error]   Not found[0m
2022.06.16 11:27:59 INFO  [error]   Not found[0m
2022.06.16 11:27:59 INFO  [error]   not found: /Users/katherine/.ivy2/localcom.typesafe.play/play-json_3/2.9.2/ivys/ivy.xml[0m
2022.06.16 11:27:59 INFO  [error]   not found: /Users/katherine/.ivy2/localcom.typesafe.play/play-json_3/2.9.2/ivys/ivy.xml[0m
2022.06.16 11:27:59 INFO  [error]   not found: https://repo1.maven.org/maven2/com/typesafe/play/play-json_3/2.9.2/play-json_3-2.9.2.pom))), directCause=None), Incomplete(node=Some(Task((taskDefinitionKey: ScopedKey(Scope(Select(ProjectRef(file:/Users/katherine/Desktop/Projecten/FP_exercises/,root)), Select(ConfigKey(test)), Zero, Zero),classpathConfiguration)))), tpe=Error, msg=None, causes=List(Incomplete(node=Some(Task((taskDefinitionKey: ScopedKey(Scope(Select(ProjectRef(file:/Users/katherine/Desktop/Projecten/FP_exercises/,root)), Zero, Zero, Zero),update)))), tpe=Error, msg=None, causes=List(Incomplete(node=Some(Task((tags: Map(Tag(update) -> 1, Tag(network) -> 1), taskDefinitionKey: ScopedKey(Scope(Select(ProjectRef(file:/Users/katherine/Desktop/Projecten/FP_exercises/,root)), Zero, Zero, Zero),update)))), tpe=Error, msg=None, causes=List(), directCause=Some(sbt.librarymanagement.ResolveException: Error downloading com.typesafe.play:play-json_3:2.9.2[0m
2022.06.16 11:27:59 INFO  [error]   Not found[0m
2022.06.16 11:27:59 INFO  [error]   Not found[0m
2022.06.16 11:27:59 INFO  [error]   not found: /Users/katherine/.ivy2/localcom.typesafe.play/play-json_3/2.9.2/ivys/ivy.xml[0m
2022.06.16 11:27:59 INFO  [error]   not found: https://repo1.maven.org/maven2/com/typesafe/play/play-json_3/2.9.2/play-json_3-2.9.2.pom))), directCause=None)), directCause=None)), directCause=None)), directCause=None)), directCause=None), Incomplete(node=Some(Task((taskDefinitionKey: ScopedKey(Scope(Select(ProjectRef(file:/Users/katherine/Desktop/Projecten/FP_exercises/,root)), Zero, Zero, Zero),scalaInstance)))), tpe=Error, msg=None, causes=List(Incomplete(node=Some(Task(_)), tpe=Error, msg=None, causes=List(Incomplete(node=Some(Task((taskDefinitionKey: ScopedKey(Scope(Select(ProjectRef(file:/Users/katherine/Desktop/Projecten/FP_exercises/,root)), Zero, Zero, Zero),update)))), tpe=Error, msg=None, causes=List(Incomplete(node=Some(Task((tags: Map(Tag(update) -> 1, Tag(network) -> 1), taskDefinitionKey: ScopedKey(Scope(Select(ProjectRef(file:/Users/katherine/Desktop/Projecten/FP_exercises/,root)), Zero, Zero, Zero),update)))), tpe=Error, msg=None, causes=List(), directCause=Some(sbt.librarymanagement.ResolveException: Error downloading com.typesafe.play:play-json_3:2.9.2[0m
2022.06.16 11:27:59 INFO  [error]   Not found[0m
2022.06.16 11:27:59 INFO  [error]   Not found[0m
2022.06.16 11:27:59 INFO  [error]   not found: /Users/katherine/.ivy2/localcom.typesafe.play/play-json_3/2.9.2/ivys/ivy.xml[0m
2022.06.16 11:27:59 INFO  [error]   not found: https://repo1.maven.org/maven2/com/typesafe/play/play-json_3/2.9.2/play-json_3-2.9.2.pom))), directCause=None)), directCause=None)), directCause=None)), directCause=None)[0m
2022.06.16 11:27:59 INFO  [error]   not found: https://repo1.maven.org/maven2/com/typesafe/play/play-json_3/2.9.2/play-json_3-2.9.2.pom))), directCause=None), Incomplete(node=Some(Task((taskDefinitionKey: ScopedKey(Scope(Select(ProjectRef(file:/Users/katherine/Desktop/Projecten/FP_exercises/,root)), Select(ConfigKey(runtime)), Zero, Zero),classpathConfiguration)))), tpe=Error, msg=None, causes=List(Incomplete(node=Some(Task((taskDefinitionKey: ScopedKey(Scope(Select(ProjectRef(file:/Users/katherine/Desktop/Projecten/FP_exercises/,root)), Zero, Zero, Zero),update)))), tpe=Error, msg=None, causes=List(Incomplete(node=Some(Task((tags: Map(Tag(update) -> 1, Tag(network) -> 1), taskDefinitionKey: ScopedKey(Scope(Select(ProjectRef(file:/Users/katherine/Desktop/Projecten/FP_exercises/,root)), Zero, Zero, Zero),update)))), tpe=Error, msg=None, causes=List(), directCause=Some(sbt.librarymanagement.ResolveException: Error downloading com.typesafe.play:play-json_3:2.9.2[0m
2022.06.16 11:27:59 INFO  [error]   Not found[0m
2022.06.16 11:27:59 INFO  [error]   Not found[0m
2022.06.16 11:27:59 INFO  [error]   not found: /Users/katherine/.ivy2/localcom.typesafe.play/play-json_3/2.9.2/ivys/ivy.xml[0m
2022.06.16 11:27:59 INFO  [error]   not found: https://repo1.maven.org/maven2/com/typesafe/play/play-json_3/2.9.2/play-json_3-2.9.2.pom))), directCause=None), Incomplete(node=Some(Task((taskDefinitionKey: ScopedKey(Scope(Select(ProjectRef(file:/Users/katherine/Desktop/Projecten/FP_exercises/,root)), Select(ConfigKey(compile)), Zero, Zero),classpathConfiguration)))), tpe=Error, msg=None, causes=List(Incomplete(node=Some(Task((taskDefinitionKey: ScopedKey(Scope(Select(ProjectRef(file:/Users/katherine/Desktop/Projecten/FP_exercises/,root)), Zero, Zero, Zero),update)))), tpe=Error, msg=None, causes=List(Incomplete(node=Some(Task((tags: Map(Tag(update) -> 1, Tag(network) -> 1), taskDefinitionKey: ScopedKey(Scope(Select(ProjectRef(file:/Users/katherine/Desktop/Projecten/FP_exercises/,root)), Zero, Zero, Zero),update)))), tpe=Error, msg=None, causes=List(), directCause=Some(sbt.librarymanagement.ResolveException: Error downloading com.typesafe.play:play-json_3:2.9.2[0m
2022.06.16 11:27:59 INFO  [error]   Not found[0m
2022.06.16 11:27:59 INFO  [error]   Not found[0m
2022.06.16 11:27:59 INFO  [error]   not found: /Users/katherine/.ivy2/localcom.typesafe.play/play-json_3/2.9.2/ivys/ivy.xml[0m
2022.06.16 11:27:59 INFO  [error]   not found: https://repo1.maven.org/maven2/com/typesafe/play/play-json_3/2.9.2/play-json_3-2.9.2.pom))), directCause=None)), directCause=None)), directCause=None)), directCause=None)), directCause=None)), directCause=None)), directCause=None)), directCause=None)), directCause=None)), directCause=None), Incomplete(node=Some(Task((taskDefinitionKey: ScopedKey(Scope(Select(ProjectRef(file:/Users/katherine/Desktop/Projecten/FP_exercises/,root)), Select(ConfigKey(test)), Zero, Zero),bloopInternalClasspath)))), tpe=Error, msg=None, causes=List(Incomplete(node=Some(Task(_)), tpe=Error, msg=None, causes=List(Incomplete(node=Some(Task((taskDefinitionKey: ScopedKey(Scope(Select(ProjectRef(file:/Users/katherine/Desktop/Projecten/FP_exercises/,root)), Select(ConfigKey(test)), Zero, Zero),classpathConfiguration)))), tpe=Error, msg=None, causes=List(Incomplete(node=Some(Task((taskDefinitionKey: ScopedKey(Scope(Select(ProjectRef(file:/Users/katherine/Desktop/Projecten/FP_exercises/,root)), Zero, Zero, Zero),update)))), tpe=Error, msg=None, causes=List(Incomplete(node=Some(Task((tags: Map(Tag(update) -> 1, Tag(network) -> 1), taskDefinitionKey: ScopedKey(Scope(Select(ProjectRef(file:/Users/katherine/Desktop/Projecten/FP_exercises/,root)), Zero, Zero, Zero),update)))), tpe=Error, msg=None, causes=List(), directCause=Some(sbt.librarymanagement.ResolveException: Error downloading com.typesafe.play:play-json_3:2.9.2[0m
2022.06.16 11:27:59 INFO  [error]   Not found[0m
2022.06.16 11:27:59 INFO  [error]   Not found[0m
2022.06.16 11:27:59 INFO  [error]   not found: /Users/katherine/.ivy2/localcom.typesafe.play/play-json_3/2.9.2/ivys/ivy.xml[0m
2022.06.16 11:27:59 INFO  [error]   not found: https://repo1.maven.org/maven2/com/typesafe/play/play-json_3/2.9.2/play-json_3-2.9.2.pom))), directCause=None), Incomplete(node=Some(Task((taskDefinitionKey: ScopedKey(Scope(Select(ProjectRef(file:/Users/katherine/Desktop/Projecten/FP_exercises/,root)), Select(ConfigKey(runtime)), Zero, Zero),classpathConfiguration)))), tpe=Error, msg=None, causes=List(Incomplete(node=Some(Task((taskDefinitionKey: ScopedKey(Scope(Select(ProjectRef(file:/Users/katherine/Desktop/Projecten/FP_exercises/,root)), Zero, Zero, Zero),update)))), tpe=Error, msg=None, causes=List(Incomplete(node=Some(Task((tags: Map(Tag(update) -> 1, Tag(network) -> 1), taskDefinitionKey: ScopedKey(Scope(Select(ProjectRef(file:/Users/katherine/Desktop/Projecten/FP_exercises/,root)), Zero, Zero, Zero),update)))), tpe=Error, msg=None, causes=List(), directCause=Some(sbt.librarymanagement.ResolveException: Error downloading com.typesafe.play:play-json_3:2.9.2[0m
2022.06.16 11:27:59 INFO  [error]   Not found[0m
2022.06.16 11:27:59 INFO  [error]   Not found[0m
2022.06.16 11:27:59 INFO  [error]   not found: /Users/katherine/.ivy2/localcom.typesafe.play/play-json_3/2.9.2/ivys/ivy.xml[0m
2022.06.16 11:27:59 INFO  [error]   not found: https://repo1.maven.org/maven2/com/typesafe/play/play-json_3/2.9.2/play-json_3-2.9.2.pom))), directCause=None), Incomplete(node=Some(Task((taskDefinitionKey: ScopedKey(Scope(Select(ProjectRef(file:/Users/katherine/Desktop/Projecten/FP_exercises/,root)), Select(ConfigKey(compile)), Zero, Zero),classpathConfiguration)))), tpe=Error, msg=None, causes=List(Incomplete(node=Some(Task((taskDefinitionKey: ScopedKey(Scope(Select(ProjectRef(file:/Users/katherine/Desktop/Projecten/FP_exercises/,root)), Zero, Zero, Zero),update)))), tpe=Error, msg=None, causes=List(Incomplete(node=Some(Task((tags: Map(Tag(update) -> 1, Tag(network) -> 1), taskDefinitionKey: ScopedKey(Scope(Select(ProjectRef(file:/Users/katherine/Desktop/Projecten/FP_exercises/,root)), Zero, Zero, Zero),update)))), tpe=Error, msg=None, causes=List(), directCause=Some(sbt.librarymanagement.ResolveException: Error downloading com.typesafe.play:play-json_3:2.9.2[0m
2022.06.16 11:27:59 INFO  [error]   Not found[0m
2022.06.16 11:27:59 INFO  [error]   Not found[0m
2022.06.16 11:27:59 INFO  [error]   not found: /Users/katherine/.ivy2/localcom.typesafe.play/play-json_3/2.9.2/ivys/ivy.xml[0m
2022.06.16 11:27:59 INFO  [error]   not found: https://repo1.maven.org/maven2/com/typesafe/play/play-json_3/2.9.2/play-json_3-2.9.2.pom))), directCause=None)), directCause=None)), directCause=None)), directCause=None)), directCause=None)), directCause=None), Incomplete(node=Some(Task((taskDefinitionKey: ScopedKey(Scope(Select(ProjectRef(file:/Users/katherine/Desktop/Projecten/FP_exercises/,root)), Select(ConfigKey(test)), Zero, Zero),scalacOptions)))), tpe=Error, msg=None, causes=List(Incomplete(node=Some(Task((taskDefinitionKey: ScopedKey(Scope(Select(ProjectRef(file:/Users/katherine/Desktop/Projecten/FP_exercises/,root)), Select(ConfigKey(test)), Zero, Zero),scalacOptions)))), tpe=Error, msg=None, causes=List(Incomplete(node=Some(Task((taskDefinitionKey: ScopedKey(Scope(Select(ProjectRef(file:/Users/katherine/Desktop/Projecten/FP_exercises/,root)), Select(ConfigKey(test)), Zero, Zero),scalacOptions)))), tpe=Error, msg=None, causes=List(Incomplete(node=Some(Task((taskDefinitionKey: ScopedKey(Scope(Select(ProjectRef(file:/Users/katherine/Desktop/Projecten/FP_exercises/,root)), Zero, Zero, Zero),update)))), tpe=Error, msg=None, causes=List(Incomplete(node=Some(Task((tags: Map(Tag(update) -> 1, Tag(network) -> 1), taskDefinitionKey: ScopedKey(Scope(Select(ProjectRef(file:/Users/katherine/Desktop/Projecten/FP_exercises/,root)), Zero, Zero, Zero),update)))), tpe=Error, msg=None, causes=List(), directCause=Some(sbt.librarymanagement.ResolveException: Error downloading com.typesafe.play:play-json_3:2.9.2[0m
2022.06.16 11:27:59 INFO  [error]   Not found[0m
2022.06.16 11:27:59 INFO  [error]   Not found[0m
2022.06.16 11:27:59 INFO  [error]   not found: /Users/katherine/.ivy2/localcom.typesafe.play/play-json_3/2.9.2/ivys/ivy.xml[0m
2022.06.16 11:27:59 INFO  [error]   not found: https://repo1.maven.org/maven2/com/typesafe/play/play-json_3/2.9.2/play-json_3-2.9.2.pom))), directCause=None), Incomplete(node=Some(Task((taskDefinitionKey: ScopedKey(Scope(Select(ProjectRef(file:/Users/katherine/Desktop/Projecten/FP_exercises/,root)), Select(ConfigKey(test)), Zero, Zero),scalacOptions)))), tpe=Error, msg=None, causes=List(Incomplete(node=Some(Task((taskDefinitionKey: ScopedKey(Scope(Select(ProjectRef(file:/Users/katherine/Desktop/Projecten/FP_exercises/,root)), Select(ConfigKey(test)), Zero, Zero),scalacOptions)))), tpe=Error, msg=None, causes=List(Incomplete(node=Some(Task((taskDefinitionKey: ScopedKey(Scope(Select(ProjectRef(file:/Users/katherine/Desktop/Projecten/FP_exercises/,root)), Select(ConfigKey(compile)), Zero, Zero),scalacOptions)))), tpe=Error, msg=None, causes=List(Incomplete(node=Some(Task((taskDefinitionKey: ScopedKey(Scope(Select(ProjectRef(file:/Users/katherine/Desktop/Projecten/FP_exercises/,root)), Select(ConfigKey(compile)), Zero, Zero),scalacOptions)))), tpe=Error, msg=None, causes=List(Incomplete(node=Some(Task((taskDefinitionKey: ScopedKey(Scope(Select(ProjectRef(file:/Users/katherine/Desktop/Projecten/FP_exercises/,root)), Select(ConfigKey(compile)), Zero, Zero),scalacOptions)))), tpe=Error, msg=None, causes=List(Incomplete(node=Some(Task((taskDefinitionKey: ScopedKey(Scope(Select(ProjectRef(file:/Users/katherine/Desktop/Projecten/FP_exercises/,root)), Select(ConfigKey(compile)), Zero, Zero),scalacOptions)))), tpe=Error, msg=None, causes=List(Incomplete(node=Some(Task((taskDefinitionKey: ScopedKey(Scope(Select(ProjectRef(file:/Users/katherine/Desktop/Projecten/FP_exercises/,root)), Select(ConfigKey(compile)), Zero, Zero),scalacOptions)))), tpe=Error, msg=None, causes=List(Incomplete(node=Some(Task((taskDefinitionKey: ScopedKey(Scope(Select(ProjectRef(file:/Users/katherine/Desktop/Projecten/FP_exercises/,root)), Zero, Zero, Zero),update)))), tpe=Error, msg=None, causes=List(Incomplete(node=Some(Task((tags: Map(Tag(update) -> 1, Tag(network) -> 1), taskDefinitionKey: ScopedKey(Scope(Select(ProjectRef(file:/Users/katherine/Desktop/Projecten/FP_exercises/,root)), Zero, Zero, Zero),update)))), tpe=Error, msg=None, causes=List(), directCause=Some(sbt.librarymanagement.ResolveException: Error downloading com.typesafe.play:play-json_3:2.9.2[0m
2022.06.16 11:27:59 INFO  [error]   Not found[0m
2022.06.16 11:27:59 INFO  [error]   Not found[0m
2022.06.16 11:27:59 INFO  [error]   not found: /Users/katherine/.ivy2/localcom.typesafe.play/play-json_3/2.9.2/ivys/ivy.xml[0m
2022.06.16 11:27:59 INFO  [error]   not found: https://repo1.maven.org/maven2/com/typesafe/play/play-json_3/2.9.2/play-json_3-2.9.2.pom))), directCause=None)), directCause=None)), directCause=None)), directCause=None)), directCause=None)), directCause=None)), directCause=None)), directCause=None)), directCause=None)), directCause=None)), directCause=None), Incomplete(node=Some(Task(_)), tpe=Error, msg=None, causes=List(Incomplete(node=Some(Task((taskDefinitionKey: ScopedKey(Scope(Select(ProjectRef(file:/Users/katherine/Desktop/Projecten/FP_exercises/,root)), Select(ConfigKey(test)), Zero, Zero),externalDependencyClasspath)))), tpe=Error, msg=None, causes=List(Incomplete(node=Some(Task(_)), tpe=Error, msg=None, causes=List(Incomplete(node=Some(Task((taskDefinitionKey: ScopedKey(Scope(Select(ProjectRef(file:/Users/katherine/Desktop/Projecten/FP_exercises/,root)), Select(ConfigKey(test)), Zero, Zero),managedClasspath)))), tpe=Error, msg=None, causes=List(Incomplete(node=Some(Task(_)), tpe=Error, msg=None, causes=List(Incomplete(node=Some(Task((taskDefinitionKey: ScopedKey(Scope(Select(ProjectRef(file:/Users/katherine/Desktop/Projecten/FP_exercises/,root)), Zero, Zero, Zero),update)))), tpe=Error, msg=None, causes=List(Incomplete(node=Some(Task((tags: Map(Tag(update) -> 1, Tag(network) -> 1), taskDefinitionKey: ScopedKey(Scope(Select(ProjectRef(file:/Users/katherine/Desktop/Projecten/FP_exercises/,root)), Zero, Zero, Zero),update)))), tpe=Error, msg=None, causes=List(), directCause=Some(sbt.librarymanagement.ResolveException: Error downloading com.typesafe.play:play-json_3:2.9.2[0m
2022.06.16 11:27:59 INFO  [error]   Not found[0m
2022.06.16 11:27:59 INFO  [error]   Not found[0m
2022.06.16 11:27:59 INFO  [error]   not found: /Users/katherine/.ivy2/localcom.typesafe.play/play-json_3/2.9.2/ivys/ivy.xml[0m
2022.06.16 11:27:59 INFO  [error]   not found: https://repo1.maven.org/maven2/com/typesafe/play/play-json_3/2.9.2/play-json_3-2.9.2.pom))), directCause=None), Incomplete(node=Some(Task((taskDefinitionKey: ScopedKey(Scope(Select(ProjectRef(file:/Users/katherine/Desktop/Projecten/FP_exercises/,root)), Select(ConfigKey(test)), Zero, Zero),classpathConfiguration)))), tpe=Error, msg=None, causes=List(Incomplete(node=Some(Task((taskDefinitionKey: ScopedKey(Scope(Select(ProjectRef(file:/Users/katherine/Desktop/Projecten/FP_exercises/,root)), Zero, Zero, Zero),update)))), tpe=Error, msg=None, causes=List(Incomplete(node=Some(Task((tags: Map(Tag(update) -> 1, Tag(network) -> 1), taskDefinitionKey: ScopedKey(Scope(Select(ProjectRef(file:/Users/katherine/Desktop/Projecten/FP_exercises/,root)), Zero, Zero, Zero),update)))), tpe=Error, msg=None, causes=List(), directCause=Some(sbt.librarymanagement.ResolveException: Error downloading com.typesafe.play:play-json_3:2.9.2[0m
2022.06.16 11:27:59 INFO  [error]   Not found[0m
2022.06.16 11:27:59 INFO  [error]   Not found[0m
2022.06.16 11:27:59 INFO  [error]   not found: /Users/katherine/.ivy2/localcom.typesafe.play/play-json_3/2.9.2/ivys/ivy.xml[0m
2022.06.16 11:27:59 INFO  [error]   not found: https://repo1.maven.org/maven2/com/typesafe/play/play-json_3/2.9.2/play-json_3-2.9.2.pom))), directCause=None), Incomplete(node=Some(Task((taskDefinitionKey: ScopedKey(Scope(Select(ProjectRef(file:/Users/katherine/Desktop/Projecten/FP_exercises/,root)), Select(ConfigKey(runtime)), Zero, Zero),classpathConfiguration)))), tpe=Error, msg=None, causes=List(Incomplete(node=Some(Task((taskDefinitionKey: ScopedKey(Scope(Select(ProjectRef(file:/Users/katherine/Desktop/Projecten/FP_exercises/,root)), Zero, Zero, Zero),update)))), tpe=Error, msg=None, causes=List(Incomplete(node=Some(Task((tags: Map(Tag(update) -> 1, Tag(network) -> 1), taskDefinitionKey: ScopedKey(Scope(Select(ProjectRef(file:/Users/katherine/Desktop/Projecten/FP_exercises/,root)), Zero, Zero, Zero),update)))), tpe=Error, msg=None, causes=List(), directCause=Some(sbt.librarymanagement.ResolveException: Error downloading com.typesafe.play:play-json_3:2.9.2[0m
2022.06.16 11:27:59 INFO  [error]   Not found[0m
2022.06.16 11:27:59 INFO  [error]   Not found[0m
2022.06.16 11:27:59 INFO  [error]   not found: /Users/katherine/.ivy2/localcom.typesafe.play/play-json_3/2.9.2/ivys/ivy.xml[0m
2022.06.16 11:27:59 INFO  [error]   not found: https://repo1.maven.org/maven2/com/typesafe/play/play-json_3/2.9.2/play-json_3-2.9.2.pom))), directCause=None), Incomplete(node=Some(Task((taskDefinitionKey: ScopedKey(Scope(Select(ProjectRef(file:/Users/katherine/Desktop/Projecten/FP_exercises/,root)), Select(ConfigKey(compile)), Zero, Zero),classpathConfiguration)))), tpe=Error, msg=None, causes=List(Incomplete(node=Some(Task((taskDefinitionKey: ScopedKey(Scope(Select(ProjectRef(file:/Users/katherine/Desktop/Projecten/FP_exercises/,root)), Zero, Zero, Zero),update)))), tpe=Error, msg=None, causes=List(Incomplete(node=Some(Task((tags: Map(Tag(update) -> 1, Tag(network) -> 1), taskDefinitionKey: ScopedKey(Scope(Select(ProjectRef(file:/Users/katherine/Desktop/Projecten/FP_exercises/,root)), Zero, Zero, Zero),update)))), tpe=Error, msg=None, causes=List(), directCause=Some(sbt.librarymanagement.ResolveException: Error downloading com.typesafe.play:play-json_3:2.9.2[0m
2022.06.16 11:27:59 INFO  [error]   Not found[0m
2022.06.16 11:27:59 INFO  [error]   Not found[0m
2022.06.16 11:27:59 INFO  [error]   not found: /Users/katherine/.ivy2/localcom.typesafe.play/play-json_3/2.9.2/ivys/ivy.xml[0m
2022.06.16 11:27:59 INFO  [error]   not found: https://repo1.maven.org/maven2/com/typesafe/play/play-json_3/2.9.2/play-json_3-2.9.2.pom))), directCause=None)), directCause=None)), directCause=None)), directCause=None)), directCause=None)), directCause=None)), directCause=None)), directCause=None), Incomplete(node=Some(Task((taskDefinitionKey: ScopedKey(Scope(Select(ProjectRef(file:/Users/katherine/Desktop/Projecten/FP_exercises/,root)), Select(ConfigKey(test)), Zero, Zero),bloopInternalClasspath)))), tpe=Error, msg=None, causes=List(Incomplete(node=Some(Task(_)), tpe=Error, msg=None, causes=List(Incomplete(node=Some(Task((taskDefinitionKey: ScopedKey(Scope(Select(ProjectRef(file:/Users/katherine/Desktop/Projecten/FP_exercises/,root)), Select(ConfigKey(test)), Zero, Zero),classpathConfiguration)))), tpe=Error, msg=None, causes=List(Incomplete(node=Some(Task((taskDefinitionKey: ScopedKey(Scope(Select(ProjectRef(file:/Users/katherine/Desktop/Projecten/FP_exercises/,root)), Zero, Zero, Zero),update)))), tpe=Error, msg=None, causes=List(Incomplete(node=Some(Task((tags: Map(Tag(update) -> 1, Tag(network) -> 1), taskDefinitionKey: ScopedKey(Scope(Select(ProjectRef(file:/Users/katherine/Desktop/Projecten/FP_exercises/,root)), Zero, Zero, Zero),update)))), tpe=Error, msg=None, causes=List(), directCause=Some(sbt.librarymanagement.ResolveException: Error downloading com.typesafe.play:play-json_3:2.9.2[0m
2022.06.16 11:27:59 INFO  [error]   Not found[0m
2022.06.16 11:27:59 INFO  [error]   Not found[0m
2022.06.16 11:27:59 INFO  [error]   not found: /Users/katherine/.ivy2/localcom.typesafe.play/play-json_3/2.9.2/ivys/ivy.xml[0m
2022.06.16 11:27:59 INFO  [error]   not found: https://repo1.maven.org/maven2/com/typesafe/play/play-json_3/2.9.2/play-json_3-2.9.2.pom))), directCause=None), Incomplete(node=Some(Task((taskDefinitionKey: ScopedKey(Scope(Select(ProjectRef(file:/Users/katherine/Desktop/Projecten/FP_exercises/,root)), Select(ConfigKey(runtime)), Zero, Zero),classpathConfiguration)))), tpe=Error, msg=None, causes=List(Incomplete(node=Some(Task((taskDefinitionKey: ScopedKey(Scope(Select(ProjectRef(file:/Users/katherine/Desktop/Projecten/FP_exercises/,root)), Zero, Zero, Zero),update)))), tpe=Error, msg=None, causes=List(Incomplete(node=Some(Task((tags: Map(Tag(update) -> 1, Tag(network) -> 1), taskDefinitionKey: ScopedKey(Scope(Select(ProjectRef(file:/Users/katherine/Desktop/Projecten/FP_exercises/,root)), Zero, Zero, Zero),update)))), tpe=Error, msg=None, causes=List(), directCause=Some(sbt.librarymanagement.ResolveException: Error downloading com.typesafe.play:play-json_3:2.9.2[0m
2022.06.16 11:27:59 INFO  [error]   Not found[0m
2022.06.16 11:27:59 INFO  [error]   Not found[0m
2022.06.16 11:27:59 INFO  [error]   not found: /Users/katherine/.ivy2/localcom.typesafe.play/play-json_3/2.9.2/ivys/ivy.xml[0m
2022.06.16 11:27:59 INFO  [error]   not found: https://repo1.maven.org/maven2/com/typesafe/play/play-json_3/2.9.2/play-json_3-2.9.2.pom))), directCause=None), Incomplete(node=Some(Task((taskDefinitionKey: ScopedKey(Scope(Select(ProjectRef(file:/Users/katherine/Desktop/Projecten/FP_exercises/,root)), Select(ConfigKey(compile)), Zero, Zero),classpathConfiguration)))), tpe=Error, msg=None, causes=List(Incomplete(node=Some(Task((taskDefinitionKey: ScopedKey(Scope(Select(ProjectRef(file:/Users/katherine/Desktop/Projecten/FP_exercises/,root)), Zero, Zero, Zero),update)))), tpe=Error, msg=None, causes=List(Incomplete(node=Some(Task((tags: Map(Tag(update) -> 1, Tag(network) -> 1), taskDefinitionKey: ScopedKey(Scope(Select(ProjectRef(file:/Users/katherine/Desktop/Projecten/FP_exercises/,root)), Zero, Zero, Zero),update)))), tpe=Error, msg=None, causes=List(), directCause=Some(sbt.librarymanagement.ResolveException: Error downloading com.typesafe.play:play-json_3:2.9.2[0m
2022.06.16 11:27:59 INFO  [error]   Not found[0m
2022.06.16 11:27:59 INFO  [error]   Not found[0m
2022.06.16 11:27:59 INFO  [error]   not found: /Users/katherine/.ivy2/localcom.typesafe.play/play-json_3/2.9.2/ivys/ivy.xml[0m
2022.06.16 11:27:59 INFO  [error]   not found: https://repo1.maven.org/maven2/com/typesafe/play/play-json_3/2.9.2/play-json_3-2.9.2.pom))), directCause=None)), directCause=None)), directCause=None)), directCause=None)), directCause=None)), directCause=None)), directCause=None), Incomplete(node=Some(Task((taskDefinitionKey: ScopedKey(Scope(Select(ProjectRef(file:/Users/katherine/Desktop/Projecten/FP_exercises/,root)), Zero, Zero, Zero),scalaInstance)))), tpe=Error, msg=None, causes=List(Incomplete(node=Some(Task(_)), tpe=Error, msg=None, causes=List(Incomplete(node=Some(Task((taskDefinitionKey: ScopedKey(Scope(Select(ProjectRef(file:/Users/katherine/Desktop/Projecten/FP_exercises/,root)), Zero, Zero, Zero),update)))), tpe=Error, msg=None, causes=List(Incomplete(node=Some(Task((tags: Map(Tag(update) -> 1, Tag(network) -> 1), taskDefinitionKey: ScopedKey(Scope(Select(ProjectRef(file:/Users/katherine/Desktop/Projecten/FP_exercises/,root)), Zero, Zero, Zero),update)))), tpe=Error, msg=None, causes=List(), directCause=Some(sbt.librarymanagement.ResolveException: Error downloading com.typesafe.play:play-json_3:2.9.2[0m
2022.06.16 11:27:59 INFO  [error]   Not found[0m
2022.06.16 11:27:59 INFO  [error]   Not found[0m
2022.06.16 11:27:59 INFO  [error]   not found: /Users/katherine/.ivy2/localcom.typesafe.play/play-json_3/2.9.2/ivys/ivy.xml[0m
2022.06.16 11:27:59 INFO  [error]   not found: https://repo1.maven.org/maven2/com/typesafe/play/play-json_3/2.9.2/play-json_3-2.9.2.pom))), directCause=None)), directCause=None)), directCause=None)), directCause=None)[0m
2022.06.16 11:27:59 INFO  [success] Total time: 2 s, completed 16 Jun 2022, 11:27:59[0m
2022.06.16 11:27:59 INFO  time: ran 'sbt bloopInstall' in 17s[0m
2022.06.16 11:27:59 WARN  Build server is not auto-connectable.[0m
2022.06.16 11:29:07 WARN  no build target for: /Users/katherine/Desktop/Projecten/FP_exercises/src/main/scala/AddressNew.scala[0m
2022.06.16 11:29:09 WARN  no build target for: /Users/katherine/Desktop/Projecten/FP_exercises/src/main/scala/AddressNew.scala[0m
2022.06.16 11:29:20 WARN  no build target for: /Users/katherine/Desktop/Projecten/FP_exercises/src/main/scala/AddressNew.scala[0m
Exception in thread "pool-3-thread-1" java.lang.InterruptedException
	at scala.meta.internal.metals.FutureCancelToken.checkCanceled(FutureCancelToken.scala:29)
	at scala.meta.internal.pc.CompilerAccess.onCompilerJobQueue$$anonfun$1(CompilerAccess.scala:195)
	at scala.meta.internal.pc.CompilerJobQueue$Job.run(CompilerJobQueue.scala:139)
	at java.base/java.util.concurrent.ThreadPoolExecutor.runWorker(ThreadPoolExecutor.java:1136)
	at java.base/java.util.concurrent.ThreadPoolExecutor$Worker.run(ThreadPoolExecutor.java:635)
	at java.base/java.lang.Thread.run(Thread.java:833)
2022.06.16 11:29:24 WARN  no build target for: /Users/katherine/Desktop/Projecten/FP_exercises/src/main/scala/AddressNew.scala[0m
2022.06.16 11:29:25 WARN  no build target for: /Users/katherine/Desktop/Projecten/FP_exercises/src/main/scala/AddressNew.scala[0m
2022.06.16 11:29:28 WARN  no build target for: /Users/katherine/Desktop/Projecten/FP_exercises/src/main/scala/AddressNew.scala[0m
2022.06.16 11:31:57 WARN  no build target for: /Users/katherine/Desktop/Projecten/FP_exercises/src/main/scala/AddressNew.scala[0m
2022.06.16 11:32:02 WARN  no build target for: /Users/katherine/Desktop/Projecten/FP_exercises/src/main/scala/AddressNew.scala[0m
2022.06.16 11:32:04 WARN  no build target for: /Users/katherine/Desktop/Projecten/FP_exercises/src/main/scala/AddressNew.scala[0m
2022.06.16 11:32:10 WARN  no build target for: /Users/katherine/Desktop/Projecten/FP_exercises/src/main/scala/AddressNew.scala[0m
2022.06.16 11:32:16 WARN  no build target for: /Users/katherine/Desktop/Projecten/FP_exercises/src/main/scala/AddressNew.scala[0m
Jun 16, 2022 11:32:19 AM org.eclipse.lsp4j.jsonrpc.RemoteEndpoint handleCancellation
WARNING: Unmatched cancel notification for request id 733
2022.06.16 11:32:21 WARN  no build target for: /Users/katherine/Desktop/Projecten/FP_exercises/src/main/scala/AddressNew.scala[0m
2022.06.16 11:32:30 WARN  no build target for: /Users/katherine/Desktop/Projecten/FP_exercises/src/main/scala/AddressNew.scala[0m
2022.06.16 11:32:32 WARN  no build target for: /Users/katherine/Desktop/Projecten/FP_exercises/src/main/scala/AddressNew.scala[0m
2022.06.16 11:32:32 WARN  no build target for: /Users/katherine/Desktop/Projecten/FP_exercises/src/main/scala/AddressNew.scala[0m
2022.06.16 11:32:32 WARN  no build target for: /Users/katherine/Desktop/Projecten/FP_exercises/src/main/scala/AddressNew.scala[0m
2022.06.16 11:32:33 WARN  no build target for: /Users/katherine/Desktop/Projecten/FP_exercises/src/main/scala/AddressNew.scala[0m
2022.06.16 11:32:37 WARN  no build target for: /Users/katherine/Desktop/Projecten/FP_exercises/src/main/scala/AddressNew.scala[0m
2022.06.16 11:32:38 WARN  no build target for: /Users/katherine/Desktop/Projecten/FP_exercises/src/main/scala/AddressNew.scala[0m
2022.06.16 11:32:39 WARN  no build target for: /Users/katherine/Desktop/Projecten/FP_exercises/src/main/scala/AddressNew.scala[0m
2022.06.16 11:32:41 WARN  no build target for: /Users/katherine/Desktop/Projecten/FP_exercises/src/main/scala/AddressNew.scala[0m
2022.06.16 11:32:59 WARN  no build target for: /Users/katherine/Desktop/Projecten/FP_exercises/src/main/scala/AddressNew.scala[0m
2022.06.16 11:33:12 WARN  no build target for: /Users/katherine/Desktop/Projecten/FP_exercises/src/main/scala/AddressNew.scala[0m
2022.06.16 11:33:14 WARN  no build target for: /Users/katherine/Desktop/Projecten/FP_exercises/src/main/scala/AddressNew.scala[0m
2022.06.16 11:33:22 WARN  no build target for: /Users/katherine/Desktop/Projecten/FP_exercises/src/main/scala/AddressNew.scala[0m
2022.06.16 11:33:35 WARN  no build target for: /Users/katherine/Desktop/Projecten/FP_exercises/src/main/scala/AddressNew.scala[0m
2022.06.16 11:33:44 WARN  no build target for: /Users/katherine/Desktop/Projecten/FP_exercises/src/main/scala/AddressNew.scala[0m
2022.06.16 11:33:44 WARN  no build target for: /Users/katherine/Desktop/Projecten/FP_exercises/src/main/scala/AddressNew.scala[0m
2022.06.16 11:33:53 WARN  no build target for: /Users/katherine/Desktop/Projecten/FP_exercises/src/main/scala/AddressNew.scala[0m
2022.06.16 11:34:15 WARN  no build target for: /Users/katherine/Desktop/Projecten/FP_exercises/src/main/scala/AddressNew.scala[0m
2022.06.16 11:34:17 WARN  no build target for: /Users/katherine/Desktop/Projecten/FP_exercises/src/main/scala/AddressNew.scala[0m
2022.06.16 11:34:27 WARN  no build target for: /Users/katherine/Desktop/Projecten/FP_exercises/src/main/scala/AddressNew.scala[0m
2022.06.16 11:34:30 WARN  no build target for: /Users/katherine/Desktop/Projecten/FP_exercises/src/main/scala/AddressNew.scala[0m
2022.06.16 11:34:38 WARN  no build target for: /Users/katherine/Desktop/Projecten/FP_exercises/src/main/scala/AddressNew.scala[0m
2022.06.16 11:34:46 WARN  no build target for: /Users/katherine/Desktop/Projecten/FP_exercises/src/main/scala/AddressNew.scala[0m
2022.06.16 11:34:46 WARN  no build target for: /Users/katherine/Desktop/Projecten/FP_exercises/src/main/scala/AddressNew.scala[0m
2022.06.16 11:34:48 WARN  no build target for: /Users/katherine/Desktop/Projecten/FP_exercises/src/main/scala/AddressNew.scala[0m
2022.06.16 11:34:52 WARN  no build target for: /Users/katherine/Desktop/Projecten/FP_exercises/src/main/scala/AddressNew.scala[0m
Jun 16, 2022 11:34:52 AM org.eclipse.lsp4j.jsonrpc.RemoteEndpoint handleCancellation
WARNING: Unmatched cancel notification for request id 1048
Exception in thread "pool-3-thread-2" java.lang.InterruptedException
	at scala.meta.internal.metals.FutureCancelToken.checkCanceled(FutureCancelToken.scala:29)
	at scala.meta.internal.pc.CompilerAccess.onCompilerJobQueue$$anonfun$1(CompilerAccess.scala:195)
	at scala.meta.internal.pc.CompilerJobQueue$Job.run(CompilerJobQueue.scala:139)
	at java.base/java.util.concurrent.ThreadPoolExecutor.runWorker(ThreadPoolExecutor.java:1136)
	at java.base/java.util.concurrent.ThreadPoolExecutor$Worker.run(ThreadPoolExecutor.java:635)
	at java.base/java.lang.Thread.run(Thread.java:833)
Jun 16, 2022 11:34:52 AM org.eclipse.lsp4j.jsonrpc.RemoteEndpoint handleCancellation
WARNING: Unmatched cancel notification for request id 1046
Jun 16, 2022 11:34:52 AM org.eclipse.lsp4j.jsonrpc.RemoteEndpoint handleCancellation
WARNING: Unmatched cancel notification for request id 1049
Jun 16, 2022 11:34:52 AM org.eclipse.lsp4j.jsonrpc.RemoteEndpoint handleCancellation
WARNING: Unmatched cancel notification for request id 1055
Jun 16, 2022 11:34:52 AM org.eclipse.lsp4j.jsonrpc.RemoteEndpoint handleCancellation
WARNING: Unmatched cancel notification for request id 1053
2022.06.16 11:34:52 WARN  no build target for: /Users/katherine/Desktop/Projecten/FP_exercises/src/main/scala/AddressNew.scala[0m
Jun 16, 2022 11:34:52 AM org.eclipse.lsp4j.jsonrpc.RemoteEndpoint handleCancellation
WARNING: Unmatched cancel notification for request id 1056
Jun 16, 2022 11:34:52 AM org.eclipse.lsp4j.jsonrpc.RemoteEndpoint handleCancellation
WARNING: Unmatched cancel notification for request id 1062
Jun 16, 2022 11:34:52 AM org.eclipse.lsp4j.jsonrpc.RemoteEndpoint handleCancellation
WARNING: Unmatched cancel notification for request id 1066
2022.06.16 11:34:53 WARN  no build target for: /Users/katherine/Desktop/Projecten/FP_exercises/src/main/scala/AddressNew.scala[0m
2022.06.16 11:34:56 WARN  no build target for: /Users/katherine/Desktop/Projecten/FP_exercises/src/main/scala/AddressNew.scala[0m
2022.06.16 11:34:58 WARN  no build target for: /Users/katherine/Desktop/Projecten/FP_exercises/src/main/scala/AddressNew.scala[0m
Jun 16, 2022 11:35:02 AM org.eclipse.lsp4j.jsonrpc.RemoteEndpoint handleCancellation
WARNING: Unmatched cancel notification for request id 1120
2022.06.16 11:35:03 WARN  no build target for: /Users/katherine/Desktop/Projecten/FP_exercises/src/main/scala/AddressNew.scala[0m
2022.06.16 11:35:05 WARN  no build target for: /Users/katherine/Desktop/Projecten/FP_exercises/src/main/scala/AddressNew.scala[0m
2022.06.16 11:35:06 WARN  no build target for: /Users/katherine/Desktop/Projecten/FP_exercises/src/main/scala/AddressNew.scala[0m
2022.06.16 11:35:08 WARN  no build target for: /Users/katherine/Desktop/Projecten/FP_exercises/src/main/scala/AddressNew.scala[0m
2022.06.16 11:35:11 WARN  no build target for: /Users/katherine/Desktop/Projecten/FP_exercises/src/main/scala/AddressNew.scala[0m
2022.06.16 11:35:14 WARN  no build target for: /Users/katherine/Desktop/Projecten/FP_exercises/src/main/scala/AddressNew.scala[0m
2022.06.16 11:35:20 WARN  no build target for: /Users/katherine/Desktop/Projecten/FP_exercises/src/main/scala/AddressNew.scala[0m
2022.06.16 11:35:24 WARN  no build target for: /Users/katherine/Desktop/Projecten/FP_exercises/src/main/scala/AddressNew.scala[0m
2022.06.16 11:35:25 WARN  no build target for: /Users/katherine/Desktop/Projecten/FP_exercises/src/main/scala/AddressNew.scala[0m
2022.06.16 11:36:22 WARN  no build target for: /Users/katherine/Desktop/Projecten/FP_exercises/src/main/scala/AddressNew.scala[0m
2022.06.16 11:36:25 WARN  no build target for: /Users/katherine/Desktop/Projecten/FP_exercises/src/main/scala/AddressNew.scala[0m
2022.06.16 11:36:27 WARN  no build target for: /Users/katherine/Desktop/Projecten/FP_exercises/src/main/scala/AddressNew.scala[0m
2022.06.16 11:36:30 WARN  no build target for: /Users/katherine/Desktop/Projecten/FP_exercises/src/main/scala/AddressNew.scala[0m
2022.06.16 11:36:35 WARN  no build target for: /Users/katherine/Desktop/Projecten/FP_exercises/src/main/scala/AddressNew.scala[0m
2022.06.16 11:36:36 WARN  no build target for: /Users/katherine/Desktop/Projecten/FP_exercises/src/main/scala/AddressNew.scala[0m
2022.06.16 11:36:39 WARN  no build target for: /Users/katherine/Desktop/Projecten/FP_exercises/src/main/scala/AddressNew.scala[0m
2022.06.16 11:36:43 WARN  no build target for: /Users/katherine/Desktop/Projecten/FP_exercises/src/main/scala/AddressNew.scala[0m
Jun 16, 2022 11:36:45 AM org.eclipse.lsp4j.jsonrpc.RemoteEndpoint fallbackResponseError
SEVERE: Internal error: org.scalameta.invariants.InvariantFailedException: invariant failed:
when verifying cases.!=(null).&&(cases.nonEmpty)
found that cases.nonEmpty is false
where cases = List()
java.util.concurrent.CompletionException: org.scalameta.invariants.InvariantFailedException: invariant failed:
when verifying cases.!=(null).&&(cases.nonEmpty)
found that cases.nonEmpty is false
where cases = List()
	at java.base/java.util.concurrent.CompletableFuture.encodeThrowable(CompletableFuture.java:332)
	at java.base/java.util.concurrent.CompletableFuture.completeThrowable(CompletableFuture.java:347)
	at java.base/java.util.concurrent.CompletableFuture$UniAccept.tryFire(CompletableFuture.java:708)
	at java.base/java.util.concurrent.CompletableFuture.postComplete(CompletableFuture.java:510)
	at java.base/java.util.concurrent.CompletableFuture.completeExceptionally(CompletableFuture.java:2162)
	at scala.meta.internal.metals.CancelTokens$.$anonfun$future$1(CancelTokens.scala:40)
	at scala.meta.internal.metals.CancelTokens$.$anonfun$future$1$adapted(CancelTokens.scala:38)
	at scala.concurrent.impl.Promise$Transformation.run(Promise.scala:484)
	at java.base/java.util.concurrent.ThreadPoolExecutor.runWorker(ThreadPoolExecutor.java:1136)
	at java.base/java.util.concurrent.ThreadPoolExecutor$Worker.run(ThreadPoolExecutor.java:635)
	at java.base/java.lang.Thread.run(Thread.java:833)
Caused by: org.scalameta.invariants.InvariantFailedException: invariant failed:
when verifying cases.!=(null).&&(cases.nonEmpty)
found that cases.nonEmpty is false
where cases = List()
	at org.scalameta.invariants.InvariantFailedException$.raise(Exceptions.scala:19)
	at scala.meta.Term$Match$.internal$85(Trees.scala:125)
	at scala.meta.Term$Match$.apply(Trees.scala:125)
	at scala.meta.internal.parsers.ScalametaParser.$anonfun$matchClause$2(ScalametaParser.scala:1385)
	at scala.meta.internal.parsers.ScalametaParser.autoEndPos(ScalametaParser.scala:339)
	at scala.meta.internal.parsers.ScalametaParser.autoEndPos(ScalametaParser.scala:341)
	at scala.meta.internal.parsers.ScalametaParser.matchClause(ScalametaParser.scala:1385)
	at scala.meta.internal.parsers.ScalametaParser.simpleExprRest(ScalametaParser.scala:2140)
	at scala.meta.internal.parsers.ScalametaParser.simpleExprRest(ScalametaParser.scala:2124)
	at scala.meta.internal.parsers.ScalametaParser.$anonfun$simpleExpr0$5(ScalametaParser.scala:2069)
	at scala.util.Success.map(Try.scala:262)
	at scala.meta.internal.parsers.ScalametaParser.$anonfun$simpleExpr0$1(ScalametaParser.scala:2069)
	at scala.meta.internal.parsers.ScalametaParser.atPosTry(ScalametaParser.scala:334)
	at scala.meta.internal.parsers.ScalametaParser.autoPosTry(ScalametaParser.scala:344)
	at scala.meta.internal.parsers.ScalametaParser.simpleExpr0(ScalametaParser.scala:2019)
	at scala.meta.internal.parsers.ScalametaParser.simpleExpr(ScalametaParser.scala:2017)
	at scala.meta.internal.parsers.ScalametaParser.prefixExpr(ScalametaParser.scala:2001)
	at scala.meta.internal.parsers.ScalametaParser.postfixExpr(ScalametaParser.scala:1983)
	at scala.meta.internal.parsers.ScalametaParser.$anonfun$expr$2(ScalametaParser.scala:1556)
	at scala.meta.internal.parsers.ScalametaParser.atPos(ScalametaParser.scala:296)
	at scala.meta.internal.parsers.ScalametaParser.autoPos(ScalametaParser.scala:337)
	at scala.meta.internal.parsers.ScalametaParser.expr(ScalametaParser.scala:1445)
	at scala.meta.internal.parsers.ScalametaParser.argumentExpr(ScalametaParser.scala:2201)
	at scala.meta.internal.parsers.ScalametaParser.$anonfun$argumentExprsWithUsing$2(ScalametaParser.scala:2222)
	at scala.meta.internal.parsers.ScalametaParser.iter$1(ScalametaParser.scala:592)
	at scala.meta.internal.parsers.ScalametaParser.$anonfun$tokenSeparated$1(ScalametaParser.scala:598)
	at scala.meta.internal.parsers.ScalametaParser.$anonfun$tokenSeparated$1$adapted(ScalametaParser.scala:585)
	at scala.meta.internal.parsers.ScalametaParser.scala$meta$internal$parsers$ScalametaParser$$listBy(ScalametaParser.scala:508)
	at scala.meta.internal.parsers.ScalametaParser.tokenSeparated(ScalametaParser.scala:585)
	at scala.meta.internal.parsers.ScalametaParser.commaSeparated(ScalametaParser.scala:602)
	at scala.meta.internal.parsers.ScalametaParser.$anonfun$argumentExprsWithUsing$1(ScalametaParser.scala:2222)
	at scala.meta.internal.parsers.ScalametaParser.scala$meta$internal$parsers$ScalametaParser$$inParensOnOpen(ScalametaParser.scala:218)
	at scala.meta.internal.parsers.ScalametaParser.argumentExprsWithUsing(ScalametaParser.scala:2208)
	at scala.meta.internal.parsers.ScalametaParser.simpleExprRest(ScalametaParser.scala:2161)
	at scala.meta.internal.parsers.ScalametaParser.simpleExprRest(ScalametaParser.scala:2124)
	at scala.meta.internal.parsers.ScalametaParser.$anonfun$simpleExpr0$5(ScalametaParser.scala:2069)
	at scala.util.Success.map(Try.scala:262)
	at scala.meta.internal.parsers.ScalametaParser.$anonfun$simpleExpr0$1(ScalametaParser.scala:2069)
	at scala.meta.internal.parsers.ScalametaParser.atPosTry(ScalametaParser.scala:334)
	at scala.meta.internal.parsers.ScalametaParser.autoPosTry(ScalametaParser.scala:344)
	at scala.meta.internal.parsers.ScalametaParser.simpleExpr0(ScalametaParser.scala:2019)
	at scala.meta.internal.parsers.ScalametaParser.simpleExpr(ScalametaParser.scala:2017)
	at scala.meta.internal.parsers.ScalametaParser.prefixExpr(ScalametaParser.scala:2001)
	at scala.meta.internal.parsers.ScalametaParser.argumentExprsOrPrefixExpr(ScalametaParser.scala:2177)
	at scala.meta.internal.parsers.ScalametaParser.loop$6(ScalametaParser.scala:1967)
	at scala.meta.internal.parsers.ScalametaParser.postfixExpr(ScalametaParser.scala:1989)
	at scala.meta.internal.parsers.ScalametaParser.$anonfun$expr$2(ScalametaParser.scala:1556)
	at scala.meta.internal.parsers.ScalametaParser.atPos(ScalametaParser.scala:296)
	at scala.meta.internal.parsers.ScalametaParser.autoPos(ScalametaParser.scala:337)
	at scala.meta.internal.parsers.ScalametaParser.expr(ScalametaParser.scala:1445)
	at scala.meta.internal.parsers.ScalametaParser.argumentExpr(ScalametaParser.scala:2201)
	at scala.meta.internal.parsers.ScalametaParser.$anonfun$argumentExprsWithUsing$2(ScalametaParser.scala:2222)
	at scala.meta.internal.parsers.ScalametaParser.iter$1(ScalametaParser.scala:592)
	at scala.meta.internal.parsers.ScalametaParser.$anonfun$tokenSeparated$1(ScalametaParser.scala:598)
	at scala.meta.internal.parsers.ScalametaParser.$anonfun$tokenSeparated$1$adapted(ScalametaParser.scala:585)
	at scala.meta.internal.parsers.ScalametaParser.scala$meta$internal$parsers$ScalametaParser$$listBy(ScalametaParser.scala:508)
	at scala.meta.internal.parsers.ScalametaParser.tokenSeparated(ScalametaParser.scala:585)
	at scala.meta.internal.parsers.ScalametaParser.commaSeparated(ScalametaParser.scala:602)
	at scala.meta.internal.parsers.ScalametaParser.$anonfun$argumentExprsWithUsing$1(ScalametaParser.scala:2222)
	at scala.meta.internal.parsers.ScalametaParser.scala$meta$internal$parsers$ScalametaParser$$inParensOnOpen(ScalametaParser.scala:218)
	at scala.meta.internal.parsers.ScalametaParser.argumentExprsWithUsing(ScalametaParser.scala:2208)
	at scala.meta.internal.parsers.ScalametaParser.simpleExprRest(ScalametaParser.scala:2161)
	at scala.meta.internal.parsers.ScalametaParser.simpleExprRest(ScalametaParser.scala:2124)
	at scala.meta.internal.parsers.ScalametaParser.$anonfun$simpleExpr0$5(ScalametaParser.scala:2069)
	at scala.util.Success.map(Try.scala:262)
	at scala.meta.internal.parsers.ScalametaParser.$anonfun$simpleExpr0$1(ScalametaParser.scala:2069)
	at scala.meta.internal.parsers.ScalametaParser.atPosTry(ScalametaParser.scala:334)
	at scala.meta.internal.parsers.ScalametaParser.autoPosTry(ScalametaParser.scala:344)
	at scala.meta.internal.parsers.ScalametaParser.simpleExpr0(ScalametaParser.scala:2019)
	at scala.meta.internal.parsers.ScalametaParser.simpleExpr(ScalametaParser.scala:2017)
	at scala.meta.internal.parsers.ScalametaParser.prefixExpr(ScalametaParser.scala:2001)
	at scala.meta.internal.parsers.ScalametaParser.postfixExpr(ScalametaParser.scala:1983)
	at scala.meta.internal.parsers.ScalametaParser.$anonfun$expr$2(ScalametaParser.scala:1556)
	at scala.meta.internal.parsers.ScalametaParser.atPos(ScalametaParser.scala:296)
	at scala.meta.internal.parsers.ScalametaParser.autoPos(ScalametaParser.scala:337)
	at scala.meta.internal.parsers.ScalametaParser.expr(ScalametaParser.scala:1445)
	at scala.meta.internal.parsers.ScalametaParser.$anonfun$blockStatSeq$2(ScalametaParser.scala:4220)
	at scala.meta.internal.parsers.ScalametaParser.stat(ScalametaParser.scala:4072)
	at scala.meta.internal.parsers.ScalametaParser.$anonfun$blockStatSeq$1(ScalametaParser.scala:4220)
	at scala.meta.internal.parsers.ScalametaParser.$anonfun$blockStatSeq$1$adapted(ScalametaParser.scala:4202)
	at scala.meta.internal.parsers.ScalametaParser.scala$meta$internal$parsers$ScalametaParser$$listBy(ScalametaParser.scala:508)
	at scala.meta.internal.parsers.ScalametaParser.blockStatSeq(ScalametaParser.scala:4202)
	at scala.meta.internal.parsers.ScalametaParser.blockWithStats$1(ScalametaParser.scala:2247)
	at scala.meta.internal.parsers.ScalametaParser.$anonfun$block$1(ScalametaParser.scala:2252)
	at scala.meta.internal.parsers.ScalametaParser.atPos(ScalametaParser.scala:296)
	at scala.meta.internal.parsers.ScalametaParser.autoPos(ScalametaParser.scala:337)
	at scala.meta.internal.parsers.ScalametaParser.block(ScalametaParser.scala:2246)
	at scala.meta.internal.parsers.ScalametaParser.blockExpr(ScalametaParser.scala:2243)
	at scala.meta.internal.parsers.ScalametaParser.$anonfun$simpleExpr0$1(ScalametaParser.scala:2064)
	at scala.meta.internal.parsers.ScalametaParser.atPosTry(ScalametaParser.scala:334)
	at scala.meta.internal.parsers.ScalametaParser.autoPosTry(ScalametaParser.scala:344)
	at scala.meta.internal.parsers.ScalametaParser.simpleExpr0(ScalametaParser.scala:2019)
	at scala.meta.internal.parsers.ScalametaParser.simpleExpr(ScalametaParser.scala:2017)
	at scala.meta.internal.parsers.ScalametaParser.prefixExpr(ScalametaParser.scala:2001)
	at scala.meta.internal.parsers.ScalametaParser.postfixExpr(ScalametaParser.scala:1983)
	at scala.meta.internal.parsers.ScalametaParser.$anonfun$expr$2(ScalametaParser.scala:1556)
	at scala.meta.internal.parsers.ScalametaParser.atPos(ScalametaParser.scala:296)
	at scala.meta.internal.parsers.ScalametaParser.autoPos(ScalametaParser.scala:337)
	at scala.meta.internal.parsers.ScalametaParser.expr(ScalametaParser.scala:1445)
	at scala.meta.internal.parsers.ScalametaParser.expr(ScalametaParser.scala:1327)
	at scala.meta.internal.parsers.ScalametaParser.$anonfun$expr$2(ScalametaParser.scala:1711)
	at scala.meta.internal.parsers.ScalametaParser.atPos(ScalametaParser.scala:296)
	at scala.meta.internal.parsers.ScalametaParser.autoPos(ScalametaParser.scala:337)
	at scala.meta.internal.parsers.ScalametaParser.expr(ScalametaParser.scala:1445)
	at scala.meta.internal.parsers.ScalametaParser.expr(ScalametaParser.scala:1327)
	at scala.meta.internal.parsers.ScalametaParser.exprMaybeIndented(ScalametaParser.scala:1355)
	at scala.meta.internal.parsers.ScalametaParser.$anonfun$patDefOrDcl$1(ScalametaParser.scala:3258)
	at scala.meta.internal.parsers.ScalametaParser.autoEndPos(ScalametaParser.scala:339)
	at scala.meta.internal.parsers.ScalametaParser.autoEndPos(ScalametaParser.scala:341)
	at scala.meta.internal.parsers.ScalametaParser.patDefOrDcl(ScalametaParser.scala:3244)
	at scala.meta.internal.parsers.ScalametaParser.defOrDclOrSecondaryCtor(ScalametaParser.scala:3208)
	at scala.meta.internal.parsers.ScalametaParser.nonLocalDefOrDcl(ScalametaParser.scala:3193)
	at scala.meta.internal.parsers.ScalametaParser$$anonfun$templateStat$1.applyOrElse(ScalametaParser.scala:4148)
	at scala.meta.internal.parsers.ScalametaParser$$anonfun$templateStat$1.applyOrElse(ScalametaParser.scala:4142)
	at scala.PartialFunction.$anonfun$runWith$1(PartialFunction.scala:231)
	at scala.PartialFunction.$anonfun$runWith$1$adapted(PartialFunction.scala:230)
	at scala.meta.internal.parsers.ScalametaParser.statSeqBuf(ScalametaParser.scala:4094)
	at scala.meta.internal.parsers.ScalametaParser.$anonfun$templateStatSeq$1(ScalametaParser.scala:4134)
	at scala.meta.internal.parsers.ScalametaParser.$anonfun$templateStatSeq$1$adapted(ScalametaParser.scala:4133)
	at scala.meta.internal.parsers.ScalametaParser.scala$meta$internal$parsers$ScalametaParser$$listBy(ScalametaParser.scala:508)
	at scala.meta.internal.parsers.ScalametaParser.templateStatSeq(ScalametaParser.scala:4133)
	at scala.meta.internal.parsers.ScalametaParser.$anonfun$templateBody$1(ScalametaParser.scala:3979)
	at scala.meta.internal.parsers.ScalametaParser.inBracesOr(ScalametaParser.scala:231)
	at scala.meta.internal.parsers.ScalametaParser.inBraces(ScalametaParser.scala:227)
	at scala.meta.internal.parsers.ScalametaParser.templateBody(ScalametaParser.scala:3979)
	at scala.meta.internal.parsers.ScalametaParser.templateBodyOpt(ScalametaParser.scala:3987)
	at scala.meta.internal.parsers.ScalametaParser.$anonfun$templateOpt$1(ScalametaParser.scala:3968)
	at scala.meta.internal.parsers.ScalametaParser.atPos(ScalametaParser.scala:296)
	at scala.meta.internal.parsers.ScalametaParser.autoPos(ScalametaParser.scala:337)
	at scala.meta.internal.parsers.ScalametaParser.templateOpt(ScalametaParser.scala:3942)
	at scala.meta.internal.parsers.ScalametaParser.$anonfun$objectDef$1(ScalametaParser.scala:3676)
	at scala.meta.internal.parsers.ScalametaParser.autoEndPos(ScalametaParser.scala:339)
	at scala.meta.internal.parsers.ScalametaParser.autoEndPos(ScalametaParser.scala:341)
	at scala.meta.internal.parsers.ScalametaParser.objectDef(ScalametaParser.scala:3668)
	at scala.meta.internal.parsers.ScalametaParser.tmplDef(ScalametaParser.scala:3545)
	at scala.meta.internal.parsers.ScalametaParser.topLevelTmplDef(ScalametaParser.scala:3526)
	at scala.meta.internal.parsers.ScalametaParser$$anonfun$4.applyOrElse(ScalametaParser.scala:4113)
	at scala.meta.internal.parsers.ScalametaParser$$anonfun$4.applyOrElse(ScalametaParser.scala:4101)
	at scala.PartialFunction.$anonfun$runWith$1(PartialFunction.scala:231)
	at scala.PartialFunction.$anonfun$runWith$1$adapted(PartialFunction.scala:230)
	at scala.meta.internal.parsers.ScalametaParser.statSeqBuf(ScalametaParser.scala:4094)
	at scala.meta.internal.parsers.ScalametaParser.$anonfun$batchSource$14(ScalametaParser.scala:4308)
	at scala.Option.getOrElse(Option.scala:201)
	at scala.meta.internal.parsers.ScalametaParser.$anonfun$batchSource$1(ScalametaParser.scala:4308)
	at scala.meta.internal.parsers.ScalametaParser.atPos(ScalametaParser.scala:296)
	at scala.meta.internal.parsers.ScalametaParser.autoPos(ScalametaParser.scala:337)
	at scala.meta.internal.parsers.ScalametaParser.batchSource(ScalametaParser.scala:4263)
	at scala.meta.internal.parsers.ScalametaParser.$anonfun$source$1(ScalametaParser.scala:4256)
	at scala.meta.internal.parsers.ScalametaParser.atPos(ScalametaParser.scala:296)
	at scala.meta.internal.parsers.ScalametaParser.autoPos(ScalametaParser.scala:337)
	at scala.meta.internal.parsers.ScalametaParser.source(ScalametaParser.scala:4256)
	at scala.meta.internal.parsers.ScalametaParser.entrypointSource(ScalametaParser.scala:4261)
	at scala.meta.internal.parsers.ScalametaParser.parseSourceImpl(ScalametaParser.scala:132)
	at scala.meta.internal.parsers.ScalametaParser.$anonfun$parseSource$1(ScalametaParser.scala:129)
	at scala.meta.internal.parsers.ScalametaParser.parseRuleAfterBOF(ScalametaParser.scala:56)
	at scala.meta.internal.parsers.ScalametaParser.parseRule(ScalametaParser.scala:51)
	at scala.meta.internal.parsers.ScalametaParser.parseSource(ScalametaParser.scala:129)
	at scala.meta.parsers.Parse$.$anonfun$parseSource$1(Parse.scala:29)
	at scala.meta.parsers.Parse$$anon$1.apply(Parse.scala:36)
	at scala.meta.parsers.Api$XtensionParseDialectInput.parse(Api.scala:25)
	at scala.meta.internal.parsing.Trees.$anonfun$parse$2(Trees.scala:126)
	at scala.Option.map(Option.scala:242)
	at scala.meta.internal.parsing.Trees.parse(Trees.scala:119)
	at scala.meta.internal.parsing.Trees.didChange(Trees.scala:89)
	at scala.meta.internal.metals.MetalsLanguageServer.$anonfun$parseTreesAndPublishDiags$2(MetalsLanguageServer.scala:310)
	at scala.runtime.java8.JFunction0$mcV$sp.apply(JFunction0$mcV$sp.scala:18)
	at scala.concurrent.Future$.$anonfun$apply$1(Future.scala:678)
	at scala.concurrent.impl.Promise$Transformation.run(Promise.scala:467)
	... 3 more

2022.06.16 11:36:46 WARN  no build target for: /Users/katherine/Desktop/Projecten/FP_exercises/src/main/scala/AddressNew.scala[0m
2022.06.16 11:36:46 ERROR /Users/katherine/Desktop/Projecten/FP_exercises/src/main/scala/AddressNew.scala
org.scalameta.invariants.InvariantFailedException: invariant failed:
when verifying cases.!=(null).&&(cases.nonEmpty)
found that cases.nonEmpty is false
where cases = List()
	at org.scalameta.invariants.InvariantFailedException$.raise(Exceptions.scala:19)
	at scala.meta.Term$Match$.internal$85(Trees.scala:125)
	at scala.meta.Term$Match$.apply(Trees.scala:125)
	at scala.meta.internal.parsers.ScalametaParser.$anonfun$matchClause$2(ScalametaParser.scala:1385)
	at scala.meta.internal.parsers.ScalametaParser.autoEndPos(ScalametaParser.scala:339)
	at scala.meta.internal.parsers.ScalametaParser.autoEndPos(ScalametaParser.scala:341)
	at scala.meta.internal.parsers.ScalametaParser.matchClause(ScalametaParser.scala:1385)
	at scala.meta.internal.parsers.ScalametaParser.simpleExprRest(ScalametaParser.scala:2140)
	at scala.meta.internal.parsers.ScalametaParser.simpleExprRest(ScalametaParser.scala:2124)
	at scala.meta.internal.parsers.ScalametaParser.$anonfun$simpleExpr0$5(ScalametaParser.scala:2069)
	at scala.util.Success.map(Try.scala:262)
	at scala.meta.internal.parsers.ScalametaParser.$anonfun$simpleExpr0$1(ScalametaParser.scala:2069)
	at scala.meta.internal.parsers.ScalametaParser.atPosTry(ScalametaParser.scala:334)
	at scala.meta.internal.parsers.ScalametaParser.autoPosTry(ScalametaParser.scala:344)
	at scala.meta.internal.parsers.ScalametaParser.simpleExpr0(ScalametaParser.scala:2019)
	at scala.meta.internal.parsers.ScalametaParser.simpleExpr(ScalametaParser.scala:2017)
	at scala.meta.internal.parsers.ScalametaParser.prefixExpr(ScalametaParser.scala:2001)
	at scala.meta.internal.parsers.ScalametaParser.postfixExpr(ScalametaParser.scala:1983)
	at scala.meta.internal.parsers.ScalametaParser.$anonfun$expr$2(ScalametaParser.scala:1556)
	at scala.meta.internal.parsers.ScalametaParser.atPos(ScalametaParser.scala:296)
	at scala.meta.internal.parsers.ScalametaParser.autoPos(ScalametaParser.scala:337)
	at scala.meta.internal.parsers.ScalametaParser.expr(ScalametaParser.scala:1445)
	at scala.meta.internal.parsers.ScalametaParser.argumentExpr(ScalametaParser.scala:2201)
	at scala.meta.internal.parsers.ScalametaParser.$anonfun$argumentExprsWithUsing$2(ScalametaParser.scala:2222)
	at scala.meta.internal.parsers.ScalametaParser.iter$1(ScalametaParser.scala:592)
	at scala.meta.internal.parsers.ScalametaParser.$anonfun$tokenSeparated$1(ScalametaParser.scala:598)
	at scala.meta.internal.parsers.ScalametaParser.$anonfun$tokenSeparated$1$adapted(ScalametaParser.scala:585)
	at scala.meta.internal.parsers.ScalametaParser.scala$meta$internal$parsers$ScalametaParser$$listBy(ScalametaParser.scala:508)
	at scala.meta.internal.parsers.ScalametaParser.tokenSeparated(ScalametaParser.scala:585)
	at scala.meta.internal.parsers.ScalametaParser.commaSeparated(ScalametaParser.scala:602)
	at scala.meta.internal.parsers.ScalametaParser.$anonfun$argumentExprsWithUsing$1(ScalametaParser.scala:2222)
	at scala.meta.internal.parsers.ScalametaParser.scala$meta$internal$parsers$ScalametaParser$$inParensOnOpen(ScalametaParser.scala:218)
	at scala.meta.internal.parsers.ScalametaParser.argumentExprsWithUsing(ScalametaParser.scala:2208)
	at scala.meta.internal.parsers.ScalametaParser.simpleExprRest(ScalametaParser.scala:2161)
	at scala.meta.internal.parsers.ScalametaParser.simpleExprRest(ScalametaParser.scala:2124)
	at scala.meta.internal.parsers.ScalametaParser.$anonfun$simpleExpr0$5(ScalametaParser.scala:2069)
	at scala.util.Success.map(Try.scala:262)
	at scala.meta.internal.parsers.ScalametaParser.$anonfun$simpleExpr0$1(ScalametaParser.scala:2069)
	at scala.meta.internal.parsers.ScalametaParser.atPosTry(ScalametaParser.scala:334)
	at scala.meta.internal.parsers.ScalametaParser.autoPosTry(ScalametaParser.scala:344)
	at scala.meta.internal.parsers.ScalametaParser.simpleExpr0(ScalametaParser.scala:2019)
	at scala.meta.internal.parsers.ScalametaParser.simpleExpr(ScalametaParser.scala:2017)
	at scala.meta.internal.parsers.ScalametaParser.prefixExpr(ScalametaParser.scala:2001)
	at scala.meta.internal.parsers.ScalametaParser.argumentExprsOrPrefixExpr(ScalametaParser.scala:2177)
	at scala.meta.internal.parsers.ScalametaParser.loop$6(ScalametaParser.scala:1967)
	at scala.meta.internal.parsers.ScalametaParser.postfixExpr(ScalametaParser.scala:1989)
	at scala.meta.internal.parsers.ScalametaParser.$anonfun$expr$2(ScalametaParser.scala:1556)
	at scala.meta.internal.parsers.ScalametaParser.atPos(ScalametaParser.scala:296)
	at scala.meta.internal.parsers.ScalametaParser.autoPos(ScalametaParser.scala:337)
	at scala.meta.internal.parsers.ScalametaParser.expr(ScalametaParser.scala:1445)
	at scala.meta.internal.parsers.ScalametaParser.argumentExpr(ScalametaParser.scala:2201)
	at scala.meta.internal.parsers.ScalametaParser.$anonfun$argumentExprsWithUsing$2(ScalametaParser.scala:2222)
	at scala.meta.internal.parsers.ScalametaParser.iter$1(ScalametaParser.scala:592)
	at scala.meta.internal.parsers.ScalametaParser.$anonfun$tokenSeparated$1(ScalametaParser.scala:598)
	at scala.meta.internal.parsers.ScalametaParser.$anonfun$tokenSeparated$1$adapted(ScalametaParser.scala:585)
	at scala.meta.internal.parsers.ScalametaParser.scala$meta$internal$parsers$ScalametaParser$$listBy(ScalametaParser.scala:508)
	at scala.meta.internal.parsers.ScalametaParser.tokenSeparated(ScalametaParser.scala:585)
	at scala.meta.internal.parsers.ScalametaParser.commaSeparated(ScalametaParser.scala:602)
	at scala.meta.internal.parsers.ScalametaParser.$anonfun$argumentExprsWithUsing$1(ScalametaParser.scala:2222)
	at scala.meta.internal.parsers.ScalametaParser.scala$meta$internal$parsers$ScalametaParser$$inParensOnOpen(ScalametaParser.scala:218)
	at scala.meta.internal.parsers.ScalametaParser.argumentExprsWithUsing(ScalametaParser.scala:2208)
	at scala.meta.internal.parsers.ScalametaParser.simpleExprRest(ScalametaParser.scala:2161)
	at scala.meta.internal.parsers.ScalametaParser.simpleExprRest(ScalametaParser.scala:2124)
	at scala.meta.internal.parsers.ScalametaParser.$anonfun$simpleExpr0$5(ScalametaParser.scala:2069)
	at scala.util.Success.map(Try.scala:262)
	at scala.meta.internal.parsers.ScalametaParser.$anonfun$simpleExpr0$1(ScalametaParser.scala:2069)
	at scala.meta.internal.parsers.ScalametaParser.atPosTry(ScalametaParser.scala:334)
	at scala.meta.internal.parsers.ScalametaParser.autoPosTry(ScalametaParser.scala:344)
	at scala.meta.internal.parsers.ScalametaParser.simpleExpr0(ScalametaParser.scala:2019)
	at scala.meta.internal.parsers.ScalametaParser.simpleExpr(ScalametaParser.scala:2017)
	at scala.meta.internal.parsers.ScalametaParser.prefixExpr(ScalametaParser.scala:2001)
	at scala.meta.internal.parsers.ScalametaParser.postfixExpr(ScalametaParser.scala:1983)
	at scala.meta.internal.parsers.ScalametaParser.$anonfun$expr$2(ScalametaParser.scala:1556)
	at scala.meta.internal.parsers.ScalametaParser.atPos(ScalametaParser.scala:296)
	at scala.meta.internal.parsers.ScalametaParser.autoPos(ScalametaParser.scala:337)
	at scala.meta.internal.parsers.ScalametaParser.expr(ScalametaParser.scala:1445)
	at scala.meta.internal.parsers.ScalametaParser.$anonfun$blockStatSeq$2(ScalametaParser.scala:4220)
	at scala.meta.internal.parsers.ScalametaParser.stat(ScalametaParser.scala:4072)
	at scala.meta.internal.parsers.ScalametaParser.$anonfun$blockStatSeq$1(ScalametaParser.scala:4220)
	at scala.meta.internal.parsers.ScalametaParser.$anonfun$blockStatSeq$1$adapted(ScalametaParser.scala:4202)
	at scala.meta.internal.parsers.ScalametaParser.scala$meta$internal$parsers$ScalametaParser$$listBy(ScalametaParser.scala:508)
	at scala.meta.internal.parsers.ScalametaParser.blockStatSeq(ScalametaParser.scala:4202)
	at scala.meta.internal.parsers.ScalametaParser.blockWithStats$1(ScalametaParser.scala:2247)
	at scala.meta.internal.parsers.ScalametaParser.$anonfun$block$1(ScalametaParser.scala:2252)
	at scala.meta.internal.parsers.ScalametaParser.atPos(ScalametaParser.scala:296)
	at scala.meta.internal.parsers.ScalametaParser.autoPos(ScalametaParser.scala:337)
	at scala.meta.internal.parsers.ScalametaParser.block(ScalametaParser.scala:2246)
	at scala.meta.internal.parsers.ScalametaParser.blockExpr(ScalametaParser.scala:2243)
	at scala.meta.internal.parsers.ScalametaParser.$anonfun$simpleExpr0$1(ScalametaParser.scala:2064)
	at scala.meta.internal.parsers.ScalametaParser.atPosTry(ScalametaParser.scala:334)
	at scala.meta.internal.parsers.ScalametaParser.autoPosTry(ScalametaParser.scala:344)
	at scala.meta.internal.parsers.ScalametaParser.simpleExpr0(ScalametaParser.scala:2019)
	at scala.meta.internal.parsers.ScalametaParser.simpleExpr(ScalametaParser.scala:2017)
	at scala.meta.internal.parsers.ScalametaParser.prefixExpr(ScalametaParser.scala:2001)
	at scala.meta.internal.parsers.ScalametaParser.postfixExpr(ScalametaParser.scala:1983)
	at scala.meta.internal.parsers.ScalametaParser.$anonfun$expr$2(ScalametaParser.scala:1556)
	at scala.meta.internal.parsers.ScalametaParser.atPos(ScalametaParser.scala:296)
	at scala.meta.internal.parsers.ScalametaParser.autoPos(ScalametaParser.scala:337)
	at scala.meta.internal.parsers.ScalametaParser.expr(ScalametaParser.scala:1445)
	at scala.meta.internal.parsers.ScalametaParser.expr(ScalametaParser.scala:1327)
	at scala.meta.internal.parsers.ScalametaParser.$anonfun$expr$2(ScalametaParser.scala:1711)
	at scala.meta.internal.parsers.ScalametaParser.atPos(ScalametaParser.scala:296)
	at scala.meta.internal.parsers.ScalametaParser.autoPos(ScalametaParser.scala:337)
	at scala.meta.internal.parsers.ScalametaParser.expr(ScalametaParser.scala:1445)
	at scala.meta.internal.parsers.ScalametaParser.expr(ScalametaParser.scala:1327)
	at scala.meta.internal.parsers.ScalametaParser.exprMaybeIndented(ScalametaParser.scala:1355)
	at scala.meta.internal.parsers.ScalametaParser.$anonfun$patDefOrDcl$1(ScalametaParser.scala:3258)
	at scala.meta.internal.parsers.ScalametaParser.autoEndPos(ScalametaParser.scala:339)
	at scala.meta.internal.parsers.ScalametaParser.autoEndPos(ScalametaParser.scala:341)
	at scala.meta.internal.parsers.ScalametaParser.patDefOrDcl(ScalametaParser.scala:3244)
	at scala.meta.internal.parsers.ScalametaParser.defOrDclOrSecondaryCtor(ScalametaParser.scala:3208)
	at scala.meta.internal.parsers.ScalametaParser.nonLocalDefOrDcl(ScalametaParser.scala:3193)
	at scala.meta.internal.parsers.ScalametaParser$$anonfun$templateStat$1.applyOrElse(ScalametaParser.scala:4148)
	at scala.meta.internal.parsers.ScalametaParser$$anonfun$templateStat$1.applyOrElse(ScalametaParser.scala:4142)
	at scala.PartialFunction.$anonfun$runWith$1(PartialFunction.scala:231)
	at scala.PartialFunction.$anonfun$runWith$1$adapted(PartialFunction.scala:230)
	at scala.meta.internal.parsers.ScalametaParser.statSeqBuf(ScalametaParser.scala:4094)
	at scala.meta.internal.parsers.ScalametaParser.$anonfun$templateStatSeq$1(ScalametaParser.scala:4134)
	at scala.meta.internal.parsers.ScalametaParser.$anonfun$templateStatSeq$1$adapted(ScalametaParser.scala:4133)
	at scala.meta.internal.parsers.ScalametaParser.scala$meta$internal$parsers$ScalametaParser$$listBy(ScalametaParser.scala:508)
	at scala.meta.internal.parsers.ScalametaParser.templateStatSeq(ScalametaParser.scala:4133)
	at scala.meta.internal.parsers.ScalametaParser.$anonfun$templateBody$1(ScalametaParser.scala:3979)
	at scala.meta.internal.parsers.ScalametaParser.inBracesOr(ScalametaParser.scala:231)
	at scala.meta.internal.parsers.ScalametaParser.inBraces(ScalametaParser.scala:227)
	at scala.meta.internal.parsers.ScalametaParser.templateBody(ScalametaParser.scala:3979)
	at scala.meta.internal.parsers.ScalametaParser.templateBodyOpt(ScalametaParser.scala:3987)
	at scala.meta.internal.parsers.ScalametaParser.$anonfun$templateOpt$1(ScalametaParser.scala:3968)
	at scala.meta.internal.parsers.ScalametaParser.atPos(ScalametaParser.scala:296)
	at scala.meta.internal.parsers.ScalametaParser.autoPos(ScalametaParser.scala:337)
	at scala.meta.internal.parsers.ScalametaParser.templateOpt(ScalametaParser.scala:3942)
	at scala.meta.internal.parsers.ScalametaParser.$anonfun$objectDef$1(ScalametaParser.scala:3676)
	at scala.meta.internal.parsers.ScalametaParser.autoEndPos(ScalametaParser.scala:339)
	at scala.meta.internal.parsers.ScalametaParser.autoEndPos(ScalametaParser.scala:341)
	at scala.meta.internal.parsers.ScalametaParser.objectDef(ScalametaParser.scala:3668)
	at scala.meta.internal.parsers.ScalametaParser.tmplDef(ScalametaParser.scala:3545)
	at scala.meta.internal.parsers.ScalametaParser.topLevelTmplDef(ScalametaParser.scala:3526)
	at scala.meta.internal.parsers.ScalametaParser$$anonfun$4.applyOrElse(ScalametaParser.scala:4113)
	at scala.meta.internal.parsers.ScalametaParser$$anonfun$4.applyOrElse(ScalametaParser.scala:4101)
	at scala.PartialFunction.$anonfun$runWith$1(PartialFunction.scala:231)
	at scala.PartialFunction.$anonfun$runWith$1$adapted(PartialFunction.scala:230)
	at scala.meta.internal.parsers.ScalametaParser.statSeqBuf(ScalametaParser.scala:4094)
	at scala.meta.internal.parsers.ScalametaParser.$anonfun$batchSource$14(ScalametaParser.scala:4308)
	at scala.Option.getOrElse(Option.scala:201)
	at scala.meta.internal.parsers.ScalametaParser.$anonfun$batchSource$1(ScalametaParser.scala:4308)
	at scala.meta.internal.parsers.ScalametaParser.atPos(ScalametaParser.scala:296)
	at scala.meta.internal.parsers.ScalametaParser.autoPos(ScalametaParser.scala:337)
	at scala.meta.internal.parsers.ScalametaParser.batchSource(ScalametaParser.scala:4263)
	at scala.meta.internal.parsers.ScalametaParser.$anonfun$source$1(ScalametaParser.scala:4256)
	at scala.meta.internal.parsers.ScalametaParser.atPos(ScalametaParser.scala:296)
	at scala.meta.internal.parsers.ScalametaParser.autoPos(ScalametaParser.scala:337)
	at scala.meta.internal.parsers.ScalametaParser.source(ScalametaParser.scala:4256)
	at scala.meta.internal.parsers.ScalametaParser.entrypointSource(ScalametaParser.scala:4261)
	at scala.meta.internal.parsers.ScalametaParser.parseSourceImpl(ScalametaParser.scala:132)
	at scala.meta.internal.parsers.ScalametaParser.$anonfun$parseSource$1(ScalametaParser.scala:129)
	at scala.meta.internal.parsers.ScalametaParser.parseRuleAfterBOF(ScalametaParser.scala:56)
	at scala.meta.internal.parsers.ScalametaParser.parseRule(ScalametaParser.scala:51)
	at scala.meta.internal.parsers.ScalametaParser.parseSource(ScalametaParser.scala:129)
	at scala.meta.parsers.Parse$.$anonfun$parseSource$1(Parse.scala:29)
	at scala.meta.parsers.Parse$$anon$1.apply(Parse.scala:36)
	at scala.meta.parsers.Api$XtensionParseDialectInput.parse(Api.scala:25)
	at scala.meta.internal.mtags.ScalaMtags.<init>(ScalaMtags.scala:24)
	at scala.meta.internal.metals.Docstrings$Deindexer.<init>(Docstrings.scala:131)
	at scala.meta.internal.metals.Docstrings.expireSymbolDefinition(Docstrings.scala:94)
	at scala.meta.internal.metals.Indexer.indexSourceFile(Indexer.scala:474)
	at scala.meta.internal.metals.Indexer.$anonfun$reindexWorkspaceSources$3(Indexer.scala:508)
	at scala.meta.internal.metals.Indexer.$anonfun$reindexWorkspaceSources$3$adapted(Indexer.scala:505)
	at scala.collection.IterableOnceOps.foreach(IterableOnce.scala:563)
	at scala.collection.IterableOnceOps.foreach$(IterableOnce.scala:561)
	at scala.collection.AbstractIterator.foreach(Iterator.scala:1293)
	at scala.meta.internal.metals.Indexer.reindexWorkspaceSources(Indexer.scala:505)
	at scala.meta.internal.metals.MetalsLanguageServer.$anonfun$onChange$2(MetalsLanguageServer.scala:1419)
	at scala.runtime.java8.JFunction0$mcV$sp.apply(JFunction0$mcV$sp.scala:18)
	at scala.concurrent.Future$.$anonfun$apply$1(Future.scala:678)
	at scala.concurrent.impl.Promise$Transformation.run(Promise.scala:467)
	at java.util.concurrent.ThreadPoolExecutor.runWorker(ThreadPoolExecutor.java:1136)
	at java.util.concurrent.ThreadPoolExecutor$Worker.run(ThreadPoolExecutor.java:635)
	at java.lang.Thread.run(Thread.java:833)
[0m
2022.06.16 11:36:51 WARN  no build target for: /Users/katherine/Desktop/Projecten/FP_exercises/src/main/scala/AddressNew.scala[0m
2022.06.16 11:36:56 WARN  no build target for: /Users/katherine/Desktop/Projecten/FP_exercises/src/main/scala/AddressNew.scala[0m
2022.06.16 11:36:59 WARN  no build target for: /Users/katherine/Desktop/Projecten/FP_exercises/src/main/scala/AddressNew.scala[0m
2022.06.16 11:37:14 WARN  no build target for: /Users/katherine/Desktop/Projecten/FP_exercises/src/main/scala/AddressNew.scala[0m
2022.06.16 11:37:15 WARN  no build target for: /Users/katherine/Desktop/Projecten/FP_exercises/src/main/scala/AddressNew.scala[0m
2022.06.16 11:37:20 WARN  no build target for: /Users/katherine/Desktop/Projecten/FP_exercises/src/main/scala/AddressNew.scala[0m
2022.06.16 11:37:22 WARN  no build target for: /Users/katherine/Desktop/Projecten/FP_exercises/src/main/scala/AddressNew.scala[0m
2022.06.16 11:37:25 WARN  no build target for: /Users/katherine/Desktop/Projecten/FP_exercises/src/main/scala/AddressNew.scala[0m
2022.06.16 11:37:29 WARN  no build target for: /Users/katherine/Desktop/Projecten/FP_exercises/src/main/scala/AddressNew.scala[0m
2022.06.16 11:37:29 WARN  no build target for: /Users/katherine/Desktop/Projecten/FP_exercises/src/main/scala/AddressNew.scala[0m
2022.06.16 11:37:31 WARN  no build target for: /Users/katherine/Desktop/Projecten/FP_exercises/src/main/scala/AddressNew.scala[0m
2022.06.16 11:37:33 WARN  no build target for: /Users/katherine/Desktop/Projecten/FP_exercises/src/main/scala/AddressNew.scala[0m
2022.06.16 11:37:34 WARN  no build target for: /Users/katherine/Desktop/Projecten/FP_exercises/src/main/scala/AddressNew.scala[0m
2022.06.16 11:37:34 WARN  no build target for: /Users/katherine/Desktop/Projecten/FP_exercises/src/main/scala/AddressNew.scala[0m
2022.06.16 11:37:35 WARN  no build target for: /Users/katherine/Desktop/Projecten/FP_exercises/src/main/scala/AddressNew.scala[0m
2022.06.16 11:37:41 INFO  shutting down Metals[0m
2022.06.16 11:52:37 INFO  tracing is disabled for protocol LSP, to enable tracing of incoming and outgoing JSON messages create an empty file at /Users/katherine/Desktop/Projecten/FP_exercises/.metals/lsp.trace.json or /Users/katherine/Library/Caches/org.scalameta.metals/lsp.trace.json[0m
2022.06.16 11:52:37 INFO  logging to file /Users/katherine/Desktop/Projecten/FP_exercises/.metals/metals.log[0m
2022.06.16 11:52:37 INFO  Started: Metals version 0.11.6 in workspace '/Users/katherine/Desktop/Projecten/FP_exercises' for client Visual Studio Code 1.68.1.[0m
2022.06.16 11:52:38 INFO  time: initialize in 0.84s[0m
2022.06.16 11:52:38 WARN  Flyway upgrade recommended: H2 2.1.212 is newer than this version of Flyway and support has not been tested. The latest supported version of H2 is 2.1.210.[0m
2022.06.16 11:52:38 WARN  Build server is not auto-connectable.[0m
2022.06.16 11:52:39 INFO  skipping build import with status 'Installed'[0m
2022.06.16 11:52:45 WARN  no build target for: /Users/katherine/Desktop/Projecten/FP_exercises/src/main/scala/AddressNew.scala[0m
2022.06.16 11:52:53 INFO  no build target found for /Users/katherine/Desktop/Projecten/FP_exercises/src/main/scala/AddressNew.scala. Using presentation compiler with project's scala-library version: 3.1.2[0m
2022.06.16 12:04:13 WARN  no build target for: /Users/katherine/Desktop/Projecten/FP_exercises/build.sbt[0m
2022.06.16 12:04:13 WARN  no build target for: /Users/katherine/Desktop/Projecten/FP_exercises/src/test/scala/addressTest.scala[0m
2022.06.16 13:06:55 WARN  no build target for: /Users/katherine/Desktop/Projecten/FP_exercises/src/main/scala/AddressNew.scala[0m
2022.06.16 13:06:56 WARN  no build target for: /Users/katherine/Desktop/Projecten/FP_exercises/src/main/scala/AddressNew.scala[0m
Exception in thread "pool-3-thread-1" java.lang.InterruptedException
	at scala.meta.internal.metals.FutureCancelToken.checkCanceled(FutureCancelToken.scala:29)
	at scala.meta.internal.pc.CompilerAccess.onCompilerJobQueue$$anonfun$1(CompilerAccess.scala:195)
	at scala.meta.internal.pc.CompilerJobQueue$Job.run(CompilerJobQueue.scala:139)
	at java.base/java.util.concurrent.ThreadPoolExecutor.runWorker(ThreadPoolExecutor.java:1136)
	at java.base/java.util.concurrent.ThreadPoolExecutor$Worker.run(ThreadPoolExecutor.java:635)
	at java.base/java.lang.Thread.run(Thread.java:833)
2022.06.16 13:11:03 WARN  no build target for: /Users/katherine/Desktop/Projecten/FP_exercises/src/main/scala/AddressNew.scala[0m
Jun 16, 2022 1:28:09 PM org.eclipse.lsp4j.jsonrpc.RemoteEndpoint handleCancellation
WARNING: Unmatched cancel notification for request id 153
2022.06.16 13:39:51 INFO  shutting down Metals[0m
2022.06.16 13:41:53 INFO  tracing is disabled for protocol LSP, to enable tracing of incoming and outgoing JSON messages create an empty file at /Users/katherine/Desktop/Projecten/FP_exercises/.metals/lsp.trace.json or /Users/katherine/Library/Caches/org.scalameta.metals/lsp.trace.json
2022.06.16 13:41:54 INFO  logging to file /Users/katherine/Desktop/Projecten/FP_exercises/.metals/metals.log
2022.06.16 13:41:54 INFO  Started: Metals version 0.11.6 in workspace '/Users/katherine/Desktop/Projecten/FP_exercises' for client Visual Studio Code 1.68.1.
2022.06.16 13:41:55 INFO  time: initialize in 0.89s
2022.06.16 13:41:55 WARN  Flyway upgrade recommended: H2 2.1.212 is newer than this version of Flyway and support has not been tested. The latest supported version of H2 is 2.1.210.
2022.06.16 13:41:55 WARN  Build server is not auto-connectable.
2022.06.16 13:41:56 INFO  skipping build import with status 'Installed'
2022.06.16 13:42:01 WARN  no build target for: /Users/katherine/Desktop/Projecten/FP_exercises/src/main/scala/AddressNew.scala
2022.06.16 13:42:10 INFO  no build target found for /Users/katherine/Desktop/Projecten/FP_exercises/src/main/scala/AddressNew.scala. Using presentation compiler with project's scala-library version: 3.1.2
2022.06.16 13:42:15 INFO  time: code lens generation in 12s
2022.06.16 13:42:15 INFO  time: code lens generation in 12s
2022.06.16 14:05:48 WARN  no build target for: /Users/katherine/Desktop/Projecten/FP_exercises/src/test/scala/addressTest.scala
Jun 16, 2022 2:05:49 PM org.eclipse.lsp4j.jsonrpc.RemoteEndpoint handleCancellation
WARNING: Unmatched cancel notification for request id 11
2022.06.16 14:06:29 INFO  shutting down Metals
2022.06.16 16:00:17 INFO  tracing is disabled for protocol LSP, to enable tracing of incoming and outgoing JSON messages create an empty file at /Users/katherine/Desktop/Projecten/FP_exercises/.metals/lsp.trace.json or /Users/katherine/Library/Caches/org.scalameta.metals/lsp.trace.json
2022.06.16 16:00:18 INFO  logging to file /Users/katherine/Desktop/Projecten/FP_exercises/.metals/metals.log
2022.06.16 16:00:18 INFO  Started: Metals version 0.11.6 in workspace '/Users/katherine/Desktop/Projecten/FP_exercises' for client Visual Studio Code 1.68.1.
2022.06.16 16:00:19 INFO  time: initialize in 0.97s
2022.06.16 16:00:19 WARN  Flyway upgrade recommended: H2 2.1.212 is newer than this version of Flyway and support has not been tested. The latest supported version of H2 is 2.1.210.
2022.06.16 16:00:19 WARN  Build server is not auto-connectable.
2022.06.16 16:00:20 INFO  skipping build import with status 'Installed'
2022.06.16 16:00:26 WARN  no build target for: /Users/katherine/Desktop/Projecten/FP_exercises/src/main/scala/AddressNew.scala
2022.06.16 16:00:35 INFO  no build target found for /Users/katherine/Desktop/Projecten/FP_exercises/src/main/scala/AddressNew.scala. Using presentation compiler with project's scala-library version: 3.1.2
2022.06.16 16:00:40 INFO  time: code lens generation in 13s
2022.06.16 16:00:40 INFO  time: code lens generation in 13s
2022.06.16 16:04:05 INFO  shutting down Metals
2022.06.23 14:16:08 INFO  tracing is disabled for protocol LSP, to enable tracing of incoming and outgoing JSON messages create an empty file at /Users/katherine/Desktop/Projecten/FP_exercises/.metals/lsp.trace.json or /Users/katherine/Library/Caches/org.scalameta.metals/lsp.trace.json
2022.06.23 14:16:09 INFO  logging to file /Users/katherine/Desktop/Projecten/FP_exercises/.metals/metals.log
2022.06.23 14:16:09 INFO  Started: Metals version 0.11.6 in workspace '/Users/katherine/Desktop/Projecten/FP_exercises' for client Visual Studio Code 1.68.1.
2022.06.23 14:16:10 INFO  time: initialize in 0.86s
2022.06.23 14:16:10 WARN  Flyway upgrade recommended: H2 2.1.212 is newer than this version of Flyway and support has not been tested. The latest supported version of H2 is 2.1.210.
2022.06.23 14:16:10 WARN  Build server is not auto-connectable.
2022.06.23 14:16:11 INFO  skipping build import with status 'Installed'
2022.06.23 14:16:16 WARN  no build target for: /Users/katherine/Desktop/Projecten/FP_exercises/src/test/scala/addressTest.scala
2022.06.23 14:16:16 WARN  no build target for: /Users/katherine/Desktop/Projecten/FP_exercises/src/main/scala/AddressNew.scala
2022.06.23 14:16:24 INFO  no build target found for /Users/katherine/Desktop/Projecten/FP_exercises/src/test/scala/addressTest.scala. Using presentation compiler with project's scala-library version: 3.1.2
Jun 23, 2022 2:16:25 PM org.eclipse.lsp4j.jsonrpc.RemoteEndpoint handleCancellation
WARNING: Unmatched cancel notification for request id 2
2022.06.23 14:16:27 INFO  time: code lens generation in 10s
2022.06.23 14:16:27 INFO  time: code lens generation in 2.76s
2022.06.23 14:16:27 INFO  time: code lens generation in 2.8s
2022.06.23 14:16:27 INFO  time: code lens generation in 10s
2022.06.23 17:28:15 INFO  shutting down Metals
2022.06.23 17:52:36 INFO  tracing is disabled for protocol LSP, to enable tracing of incoming and outgoing JSON messages create an empty file at /Users/katherine/Desktop/Projecten/FP_exercises/.metals/lsp.trace.json or /Users/katherine/Library/Caches/org.scalameta.metals/lsp.trace.json
2022.06.23 17:52:37 INFO  logging to file /Users/katherine/Desktop/Projecten/FP_exercises/.metals/metals.log
2022.06.23 17:52:37 INFO  Started: Metals version 0.11.6 in workspace '/Users/katherine/Desktop/Projecten/FP_exercises' for client Visual Studio Code 1.68.1.
2022.06.23 17:52:38 INFO  time: initialize in 0.92s
2022.06.23 17:52:38 WARN  Flyway upgrade recommended: H2 2.1.212 is newer than this version of Flyway and support has not been tested. The latest supported version of H2 is 2.1.210.
2022.06.23 17:52:38 WARN  Build server is not auto-connectable.
2022.06.23 17:52:39 INFO  skipping build import with status 'Installed'
2022.06.23 17:52:45 WARN  no build target for: /Users/katherine/Desktop/Projecten/FP_exercises/src/test/scala/addressTest.scala
Jun 23, 2022 5:52:47 PM org.eclipse.lsp4j.jsonrpc.RemoteEndpoint handleCancellation
WARNING: Unmatched cancel notification for request id 2
Jun 23, 2022 5:52:47 PM org.eclipse.lsp4j.jsonrpc.RemoteEndpoint handleCancellation
WARNING: Unmatched cancel notification for request id 1
2022.06.23 17:52:47 INFO  shutting down Metals
2022.06.23 17:52:54 INFO  no build target found for /Users/katherine/Desktop/Projecten/FP_exercises/src/test/scala/addressTest.scala. Using presentation compiler with project's scala-library version: 3.1.2
2022.06.23 17:52:54 WARN  Flyway upgrade recommended: H2 2.1.212 is newer than this version of Flyway and support has not been tested. The latest supported version of H2 is 2.1.210.
java.util.concurrent.RejectedExecutionException: Task Future(<not completed>) rejected from java.util.concurrent.ThreadPoolExecutor@256ecaf4[Shutting down, pool size = 2, active threads = 2, queued tasks = 0, completed tasks = 135]
	at java.base/java.util.concurrent.ThreadPoolExecutor$AbortPolicy.rejectedExecution(ThreadPoolExecutor.java:2065)
	at java.base/java.util.concurrent.ThreadPoolExecutor.reject(ThreadPoolExecutor.java:833)
	at java.base/java.util.concurrent.ThreadPoolExecutor.execute(ThreadPoolExecutor.java:1365)
	at scala.concurrent.impl.ExecutionContextImpl.execute(ExecutionContextImpl.scala:21)
	at scala.concurrent.impl.Promise$Transformation.submitWithValue(Promise.scala:429)
	at scala.concurrent.impl.Promise$DefaultPromise.submitWithValue(Promise.scala:338)
	at scala.concurrent.impl.Promise$DefaultPromise.tryComplete0(Promise.scala:285)
	at scala.concurrent.impl.Promise$Transformation.handleFailure(Promise.scala:444)
	at scala.concurrent.impl.Promise$Transformation.run(Promise.scala:506)
	at java.base/java.util.concurrent.ThreadPoolExecutor.runWorker(ThreadPoolExecutor.java:1136)
	at java.base/java.util.concurrent.ThreadPoolExecutor$Worker.run(ThreadPoolExecutor.java:635)
	at java.base/java.lang.Thread.run(Thread.java:833)
2022.06.23 17:52:58 WARN  resetting database: /Users/katherine/Desktop/Projecten/FP_exercises/.metals/metals.h2.db
2022.06.25 23:47:26 INFO  tracing is disabled for protocol LSP, to enable tracing of incoming and outgoing JSON messages create an empty file at /Users/katherine/Desktop/Projecten/FP_exercises/.metals/lsp.trace.json or /Users/katherine/Library/Caches/org.scalameta.metals/lsp.trace.json[0m
2022.06.25 23:47:27 INFO  logging to file /Users/katherine/Desktop/Projecten/FP_exercises/.metals/metals.log[0m
2022.06.25 23:47:27 INFO  Started: Metals version 0.11.6 in workspace '/Users/katherine/Desktop/Projecten/FP_exercises' for client Visual Studio Code 1.68.1.[0m
2022.06.25 23:47:28 INFO  time: initialize in 0.75s[0m
2022.06.25 23:47:28 WARN  Flyway upgrade recommended: H2 2.1.212 is newer than this version of Flyway and support has not been tested. The latest supported version of H2 is 2.1.210.[0m
2022.06.25 23:47:28 WARN  Build server is not auto-connectable.[0m
2022.06.25 23:47:29 INFO  skipping build import with status 'Installed'[0m
2022.06.25 23:47:34 WARN  no build target for: /Users/katherine/Desktop/Projecten/FP_exercises/src/test/scala/addressTest.scala[0m
Jun 25, 2022 11:47:35 PM org.eclipse.lsp4j.jsonrpc.RemoteEndpoint fallbackResponseError
SEVERE: Internal error: java.lang.UnsupportedOperationException: tail of empty list
java.util.concurrent.CompletionException: java.lang.UnsupportedOperationException: tail of empty list
	at java.base/java.util.concurrent.CompletableFuture.encodeThrowable(CompletableFuture.java:332)
	at java.base/java.util.concurrent.CompletableFuture.completeThrowable(CompletableFuture.java:347)
	at java.base/java.util.concurrent.CompletableFuture$UniAccept.tryFire(CompletableFuture.java:708)
	at java.base/java.util.concurrent.CompletableFuture.postComplete(CompletableFuture.java:510)
	at java.base/java.util.concurrent.CompletableFuture.completeExceptionally(CompletableFuture.java:2162)
	at scala.meta.internal.metals.CancelTokens$.$anonfun$future$1(CancelTokens.scala:40)
	at scala.meta.internal.metals.CancelTokens$.$anonfun$future$1$adapted(CancelTokens.scala:38)
	at scala.concurrent.impl.Promise$Transformation.run(Promise.scala:484)
	at java.base/java.util.concurrent.ThreadPoolExecutor.runWorker(ThreadPoolExecutor.java:1136)
	at java.base/java.util.concurrent.ThreadPoolExecutor$Worker.run(ThreadPoolExecutor.java:635)
	at java.base/java.lang.Thread.run(Thread.java:833)
Caused by: java.lang.UnsupportedOperationException: tail of empty list
	at scala.collection.immutable.Nil$.tail(List.scala:664)
	at scala.collection.immutable.Nil$.tail(List.scala:661)
	at scala.meta.internal.metals.codeactions.CreateCompanionObjectCodeAction.$anonfun$endPosOfTree$1(CreateCompanionObjectCodeAction.scala:76)
	at scala.Option.flatMap(Option.scala:283)
	at scala.meta.internal.metals.codeactions.CreateCompanionObjectCodeAction.endPosOfTree(CreateCompanionObjectCodeAction.scala:74)
	at scala.meta.internal.metals.codeactions.CreateCompanionObjectCodeAction.$anonfun$contribute$5(CreateCompanionObjectCodeAction.scala:60)
	at scala.Option.map(Option.scala:242)
	at scala.meta.internal.metals.codeactions.CreateCompanionObjectCodeAction.$anonfun$contribute$4(CreateCompanionObjectCodeAction.scala:57)
	at scala.Option$WithFilter.flatMap(Option.scala:283)
	at scala.meta.internal.metals.codeactions.CreateCompanionObjectCodeAction.$anonfun$contribute$2(CreateCompanionObjectCodeAction.scala:55)
	at scala.Option.flatMap(Option.scala:283)
	at scala.meta.internal.metals.codeactions.CreateCompanionObjectCodeAction.$anonfun$contribute$1(CreateCompanionObjectCodeAction.scala:54)
	at scala.concurrent.Future$.$anonfun$apply$1(Future.scala:678)
	at scala.concurrent.impl.Promise$Transformation.run(Promise.scala:467)
	... 3 more

